
*** Running vivado
    with args -log breadboard_test.vdi -applog -m64 -product Vivado -messageDb vivado.pb -mode batch -source breadboard_test.tcl -notrace


****** Vivado v2024.1 (64-bit)
  **** SW Build 5076996 on Wed May 22 18:36:09 MDT 2024
  **** IP Build 5075265 on Wed May 22 21:45:21 MDT 2024
  **** SharedData Build 5076995 on Wed May 22 18:29:18 MDT 2024
  **** Start of session at: Fri Jun 21 21:38:51 2024
    ** Copyright 1986-2022 Xilinx, Inc. All Rights Reserved.
    ** Copyright 2022-2024 Advanced Micro Devices, Inc. All Rights Reserved.

source breadboard_test.tcl -notrace
Command: link_design -top breadboard_test -part xc7a15tftg256-1
Design is defaulting to srcset: sources_1
Design is defaulting to constrset: constrs_1
INFO: [Device 21-403] Loading part xc7a15tftg256-1
INFO: [Device 21-9227] Part: xc7a15tftg256-1 does not have CEAM library.
Netlist sorting complete. Time (s): cpu = 00:00:00 ; elapsed = 00:00:00 . Memory (MB): peak = 1698.578 ; gain = 0.000 ; free physical = 112300 ; free virtual = 117370
INFO: [Netlist 29-17] Analyzing 7 Unisim elements for replacement
INFO: [Netlist 29-28] Unisim Transformation completed in 0 CPU seconds
INFO: [Project 1-479] Netlist was created with Vivado 2024.1
INFO: [Project 1-570] Preparing netlist for logic optimization
Parsing XDC File [/home/ndownes/Desktop/xem7001_template/xem7001_template.srcs/constrs_1/new/xem7001.xdc]
WARNING: [Vivado 12-584] No ports matched 'hi_muxsel'. [/home/ndownes/Desktop/xem7001_template/xem7001_template.srcs/constrs_1/new/xem7001.xdc:12]
CRITICAL WARNING: [Common 17-55] 'set_property' expects at least one object. [/home/ndownes/Desktop/xem7001_template/xem7001_template.srcs/constrs_1/new/xem7001.xdc:12]
Resolution: If [get_<value>] was used to populate the object, check to make sure this command returns at least one valid object.
WARNING: [Vivado 12-584] No ports matched 'hi_muxsel'. [/home/ndownes/Desktop/xem7001_template/xem7001_template.srcs/constrs_1/new/xem7001.xdc:13]
CRITICAL WARNING: [Common 17-55] 'set_property' expects at least one object. [/home/ndownes/Desktop/xem7001_template/xem7001_template.srcs/constrs_1/new/xem7001.xdc:13]
Resolution: If [get_<value>] was used to populate the object, check to make sure this command returns at least one valid object.
WARNING: [Vivado 12-584] No ports matched 'hi_in[0]'. [/home/ndownes/Desktop/xem7001_template/xem7001_template.srcs/constrs_1/new/xem7001.xdc:18]
CRITICAL WARNING: [Common 17-55] 'set_property' expects at least one object. [/home/ndownes/Desktop/xem7001_template/xem7001_template.srcs/constrs_1/new/xem7001.xdc:18]
Resolution: If [get_<value>] was used to populate the object, check to make sure this command returns at least one valid object.
WARNING: [Vivado 12-584] No ports matched 'hi_in[1]'. [/home/ndownes/Desktop/xem7001_template/xem7001_template.srcs/constrs_1/new/xem7001.xdc:19]
CRITICAL WARNING: [Common 17-55] 'set_property' expects at least one object. [/home/ndownes/Desktop/xem7001_template/xem7001_template.srcs/constrs_1/new/xem7001.xdc:19]
Resolution: If [get_<value>] was used to populate the object, check to make sure this command returns at least one valid object.
WARNING: [Vivado 12-584] No ports matched 'hi_in[2]'. [/home/ndownes/Desktop/xem7001_template/xem7001_template.srcs/constrs_1/new/xem7001.xdc:20]
CRITICAL WARNING: [Common 17-55] 'set_property' expects at least one object. [/home/ndownes/Desktop/xem7001_template/xem7001_template.srcs/constrs_1/new/xem7001.xdc:20]
Resolution: If [get_<value>] was used to populate the object, check to make sure this command returns at least one valid object.
WARNING: [Vivado 12-584] No ports matched 'hi_in[3]'. [/home/ndownes/Desktop/xem7001_template/xem7001_template.srcs/constrs_1/new/xem7001.xdc:21]
CRITICAL WARNING: [Common 17-55] 'set_property' expects at least one object. [/home/ndownes/Desktop/xem7001_template/xem7001_template.srcs/constrs_1/new/xem7001.xdc:21]
Resolution: If [get_<value>] was used to populate the object, check to make sure this command returns at least one valid object.
WARNING: [Vivado 12-584] No ports matched 'hi_in[4]'. [/home/ndownes/Desktop/xem7001_template/xem7001_template.srcs/constrs_1/new/xem7001.xdc:22]
CRITICAL WARNING: [Common 17-55] 'set_property' expects at least one object. [/home/ndownes/Desktop/xem7001_template/xem7001_template.srcs/constrs_1/new/xem7001.xdc:22]
Resolution: If [get_<value>] was used to populate the object, check to make sure this command returns at least one valid object.
WARNING: [Vivado 12-584] No ports matched 'hi_in[5]'. [/home/ndownes/Desktop/xem7001_template/xem7001_template.srcs/constrs_1/new/xem7001.xdc:23]
CRITICAL WARNING: [Common 17-55] 'set_property' expects at least one object. [/home/ndownes/Desktop/xem7001_template/xem7001_template.srcs/constrs_1/new/xem7001.xdc:23]
Resolution: If [get_<value>] was used to populate the object, check to make sure this command returns at least one valid object.
WARNING: [Vivado 12-584] No ports matched 'hi_in[6]'. [/home/ndownes/Desktop/xem7001_template/xem7001_template.srcs/constrs_1/new/xem7001.xdc:24]
CRITICAL WARNING: [Common 17-55] 'set_property' expects at least one object. [/home/ndownes/Desktop/xem7001_template/xem7001_template.srcs/constrs_1/new/xem7001.xdc:24]
Resolution: If [get_<value>] was used to populate the object, check to make sure this command returns at least one valid object.
WARNING: [Vivado 12-584] No ports matched 'hi_in[7]'. [/home/ndownes/Desktop/xem7001_template/xem7001_template.srcs/constrs_1/new/xem7001.xdc:25]
CRITICAL WARNING: [Common 17-55] 'set_property' expects at least one object. [/home/ndownes/Desktop/xem7001_template/xem7001_template.srcs/constrs_1/new/xem7001.xdc:25]
Resolution: If [get_<value>] was used to populate the object, check to make sure this command returns at least one valid object.
WARNING: [Vivado 12-584] No ports matched 'hi_in[*]'. [/home/ndownes/Desktop/xem7001_template/xem7001_template.srcs/constrs_1/new/xem7001.xdc:27]
CRITICAL WARNING: [Common 17-55] 'set_property' expects at least one object. [/home/ndownes/Desktop/xem7001_template/xem7001_template.srcs/constrs_1/new/xem7001.xdc:27]
Resolution: If [get_<value>] was used to populate the object, check to make sure this command returns at least one valid object.
WARNING: [Vivado 12-584] No ports matched 'hi_in[*]'. [/home/ndownes/Desktop/xem7001_template/xem7001_template.srcs/constrs_1/new/xem7001.xdc:28]
CRITICAL WARNING: [Common 17-55] 'set_property' expects at least one object. [/home/ndownes/Desktop/xem7001_template/xem7001_template.srcs/constrs_1/new/xem7001.xdc:28]
Resolution: If [get_<value>] was used to populate the object, check to make sure this command returns at least one valid object.
WARNING: [Vivado 12-584] No ports matched 'hi_out[0]'. [/home/ndownes/Desktop/xem7001_template/xem7001_template.srcs/constrs_1/new/xem7001.xdc:30]
CRITICAL WARNING: [Common 17-55] 'set_property' expects at least one object. [/home/ndownes/Desktop/xem7001_template/xem7001_template.srcs/constrs_1/new/xem7001.xdc:30]
Resolution: If [get_<value>] was used to populate the object, check to make sure this command returns at least one valid object.
WARNING: [Vivado 12-584] No ports matched 'hi_out[1]'. [/home/ndownes/Desktop/xem7001_template/xem7001_template.srcs/constrs_1/new/xem7001.xdc:31]
CRITICAL WARNING: [Common 17-55] 'set_property' expects at least one object. [/home/ndownes/Desktop/xem7001_template/xem7001_template.srcs/constrs_1/new/xem7001.xdc:31]
Resolution: If [get_<value>] was used to populate the object, check to make sure this command returns at least one valid object.
WARNING: [Vivado 12-584] No ports matched 'hi_out[*]'. [/home/ndownes/Desktop/xem7001_template/xem7001_template.srcs/constrs_1/new/xem7001.xdc:32]
CRITICAL WARNING: [Common 17-55] 'set_property' expects at least one object. [/home/ndownes/Desktop/xem7001_template/xem7001_template.srcs/constrs_1/new/xem7001.xdc:32]
Resolution: If [get_<value>] was used to populate the object, check to make sure this command returns at least one valid object.
WARNING: [Vivado 12-584] No ports matched 'hi_inout[0]'. [/home/ndownes/Desktop/xem7001_template/xem7001_template.srcs/constrs_1/new/xem7001.xdc:34]
CRITICAL WARNING: [Common 17-55] 'set_property' expects at least one object. [/home/ndownes/Desktop/xem7001_template/xem7001_template.srcs/constrs_1/new/xem7001.xdc:34]
Resolution: If [get_<value>] was used to populate the object, check to make sure this command returns at least one valid object.
WARNING: [Vivado 12-584] No ports matched 'hi_inout[1]'. [/home/ndownes/Desktop/xem7001_template/xem7001_template.srcs/constrs_1/new/xem7001.xdc:35]
CRITICAL WARNING: [Common 17-55] 'set_property' expects at least one object. [/home/ndownes/Desktop/xem7001_template/xem7001_template.srcs/constrs_1/new/xem7001.xdc:35]
Resolution: If [get_<value>] was used to populate the object, check to make sure this command returns at least one valid object.
WARNING: [Vivado 12-584] No ports matched 'hi_inout[2]'. [/home/ndownes/Desktop/xem7001_template/xem7001_template.srcs/constrs_1/new/xem7001.xdc:36]
CRITICAL WARNING: [Common 17-55] 'set_property' expects at least one object. [/home/ndownes/Desktop/xem7001_template/xem7001_template.srcs/constrs_1/new/xem7001.xdc:36]
Resolution: If [get_<value>] was used to populate the object, check to make sure this command returns at least one valid object.
WARNING: [Vivado 12-584] No ports matched 'hi_inout[3]'. [/home/ndownes/Desktop/xem7001_template/xem7001_template.srcs/constrs_1/new/xem7001.xdc:37]
CRITICAL WARNING: [Common 17-55] 'set_property' expects at least one object. [/home/ndownes/Desktop/xem7001_template/xem7001_template.srcs/constrs_1/new/xem7001.xdc:37]
Resolution: If [get_<value>] was used to populate the object, check to make sure this command returns at least one valid object.
WARNING: [Vivado 12-584] No ports matched 'hi_inout[4]'. [/home/ndownes/Desktop/xem7001_template/xem7001_template.srcs/constrs_1/new/xem7001.xdc:38]
CRITICAL WARNING: [Common 17-55] 'set_property' expects at least one object. [/home/ndownes/Desktop/xem7001_template/xem7001_template.srcs/constrs_1/new/xem7001.xdc:38]
Resolution: If [get_<value>] was used to populate the object, check to make sure this command returns at least one valid object.
WARNING: [Vivado 12-584] No ports matched 'hi_inout[5]'. [/home/ndownes/Desktop/xem7001_template/xem7001_template.srcs/constrs_1/new/xem7001.xdc:39]
CRITICAL WARNING: [Common 17-55] 'set_property' expects at least one object. [/home/ndownes/Desktop/xem7001_template/xem7001_template.srcs/constrs_1/new/xem7001.xdc:39]
Resolution: If [get_<value>] was used to populate the object, check to make sure this command returns at least one valid object.
WARNING: [Vivado 12-584] No ports matched 'hi_inout[6]'. [/home/ndownes/Desktop/xem7001_template/xem7001_template.srcs/constrs_1/new/xem7001.xdc:40]
CRITICAL WARNING: [Common 17-55] 'set_property' expects at least one object. [/home/ndownes/Desktop/xem7001_template/xem7001_template.srcs/constrs_1/new/xem7001.xdc:40]
Resolution: If [get_<value>] was used to populate the object, check to make sure this command returns at least one valid object.
WARNING: [Vivado 12-584] No ports matched 'hi_inout[7]'. [/home/ndownes/Desktop/xem7001_template/xem7001_template.srcs/constrs_1/new/xem7001.xdc:41]
CRITICAL WARNING: [Common 17-55] 'set_property' expects at least one object. [/home/ndownes/Desktop/xem7001_template/xem7001_template.srcs/constrs_1/new/xem7001.xdc:41]
Resolution: If [get_<value>] was used to populate the object, check to make sure this command returns at least one valid object.
WARNING: [Vivado 12-584] No ports matched 'hi_inout[8]'. [/home/ndownes/Desktop/xem7001_template/xem7001_template.srcs/constrs_1/new/xem7001.xdc:42]
CRITICAL WARNING: [Common 17-55] 'set_property' expects at least one object. [/home/ndownes/Desktop/xem7001_template/xem7001_template.srcs/constrs_1/new/xem7001.xdc:42]
Resolution: If [get_<value>] was used to populate the object, check to make sure this command returns at least one valid object.
WARNING: [Vivado 12-584] No ports matched 'hi_inout[9]'. [/home/ndownes/Desktop/xem7001_template/xem7001_template.srcs/constrs_1/new/xem7001.xdc:43]
CRITICAL WARNING: [Common 17-55] 'set_property' expects at least one object. [/home/ndownes/Desktop/xem7001_template/xem7001_template.srcs/constrs_1/new/xem7001.xdc:43]
Resolution: If [get_<value>] was used to populate the object, check to make sure this command returns at least one valid object.
WARNING: [Vivado 12-584] No ports matched 'hi_inout[10]'. [/home/ndownes/Desktop/xem7001_template/xem7001_template.srcs/constrs_1/new/xem7001.xdc:44]
CRITICAL WARNING: [Common 17-55] 'set_property' expects at least one object. [/home/ndownes/Desktop/xem7001_template/xem7001_template.srcs/constrs_1/new/xem7001.xdc:44]
Resolution: If [get_<value>] was used to populate the object, check to make sure this command returns at least one valid object.
WARNING: [Vivado 12-584] No ports matched 'hi_inout[11]'. [/home/ndownes/Desktop/xem7001_template/xem7001_template.srcs/constrs_1/new/xem7001.xdc:45]
CRITICAL WARNING: [Common 17-55] 'set_property' expects at least one object. [/home/ndownes/Desktop/xem7001_template/xem7001_template.srcs/constrs_1/new/xem7001.xdc:45]
Resolution: If [get_<value>] was used to populate the object, check to make sure this command returns at least one valid object.
WARNING: [Vivado 12-584] No ports matched 'hi_inout[12]'. [/home/ndownes/Desktop/xem7001_template/xem7001_template.srcs/constrs_1/new/xem7001.xdc:46]
CRITICAL WARNING: [Common 17-55] 'set_property' expects at least one object. [/home/ndownes/Desktop/xem7001_template/xem7001_template.srcs/constrs_1/new/xem7001.xdc:46]
Resolution: If [get_<value>] was used to populate the object, check to make sure this command returns at least one valid object.
WARNING: [Vivado 12-584] No ports matched 'hi_inout[13]'. [/home/ndownes/Desktop/xem7001_template/xem7001_template.srcs/constrs_1/new/xem7001.xdc:47]
CRITICAL WARNING: [Common 17-55] 'set_property' expects at least one object. [/home/ndownes/Desktop/xem7001_template/xem7001_template.srcs/constrs_1/new/xem7001.xdc:47]
Resolution: If [get_<value>] was used to populate the object, check to make sure this command returns at least one valid object.
WARNING: [Vivado 12-584] No ports matched 'hi_inout[14]'. [/home/ndownes/Desktop/xem7001_template/xem7001_template.srcs/constrs_1/new/xem7001.xdc:48]
CRITICAL WARNING: [Common 17-55] 'set_property' expects at least one object. [/home/ndownes/Desktop/xem7001_template/xem7001_template.srcs/constrs_1/new/xem7001.xdc:48]
Resolution: If [get_<value>] was used to populate the object, check to make sure this command returns at least one valid object.
WARNING: [Vivado 12-584] No ports matched 'hi_inout[15]'. [/home/ndownes/Desktop/xem7001_template/xem7001_template.srcs/constrs_1/new/xem7001.xdc:49]
CRITICAL WARNING: [Common 17-55] 'set_property' expects at least one object. [/home/ndownes/Desktop/xem7001_template/xem7001_template.srcs/constrs_1/new/xem7001.xdc:49]
Resolution: If [get_<value>] was used to populate the object, check to make sure this command returns at least one valid object.
WARNING: [Vivado 12-584] No ports matched 'hi_inout[*]'. [/home/ndownes/Desktop/xem7001_template/xem7001_template.srcs/constrs_1/new/xem7001.xdc:50]
CRITICAL WARNING: [Common 17-55] 'set_property' expects at least one object. [/home/ndownes/Desktop/xem7001_template/xem7001_template.srcs/constrs_1/new/xem7001.xdc:50]
Resolution: If [get_<value>] was used to populate the object, check to make sure this command returns at least one valid object.
WARNING: [Vivado 12-584] No ports matched 'hi_aa'. [/home/ndownes/Desktop/xem7001_template/xem7001_template.srcs/constrs_1/new/xem7001.xdc:52]
CRITICAL WARNING: [Common 17-55] 'set_property' expects at least one object. [/home/ndownes/Desktop/xem7001_template/xem7001_template.srcs/constrs_1/new/xem7001.xdc:52]
Resolution: If [get_<value>] was used to populate the object, check to make sure this command returns at least one valid object.
WARNING: [Vivado 12-584] No ports matched 'hi_aa'. [/home/ndownes/Desktop/xem7001_template/xem7001_template.srcs/constrs_1/new/xem7001.xdc:53]
CRITICAL WARNING: [Common 17-55] 'set_property' expects at least one object. [/home/ndownes/Desktop/xem7001_template/xem7001_template.srcs/constrs_1/new/xem7001.xdc:53]
Resolution: If [get_<value>] was used to populate the object, check to make sure this command returns at least one valid object.
WARNING: [Vivado 12-584] No ports matched 'hi_in[0]'. [/home/ndownes/Desktop/xem7001_template/xem7001_template.srcs/constrs_1/new/xem7001.xdc:56]
CRITICAL WARNING: [Vivado 12-4739] create_clock:No valid object(s) found for '-objects [get_ports {hi_in[0]}]'. [/home/ndownes/Desktop/xem7001_template/xem7001_template.srcs/constrs_1/new/xem7001.xdc:56]
Resolution: Check if the specified object(s) exists in the current design. If it does, ensure that the correct design hierarchy was specified for the object. If you are working with clocks, make sure create_clock was used to create the clock object before it is referenced.
INFO: [Timing 38-35] Done setting XDC timing constraints. [/home/ndownes/Desktop/xem7001_template/xem7001_template.srcs/constrs_1/new/xem7001.xdc:58]
WARNING: [Vivado 12-627] No clocks matched 'okHostClk'. [/home/ndownes/Desktop/xem7001_template/xem7001_template.srcs/constrs_1/new/xem7001.xdc:58]
INFO: [Vivado 12-626] No clocks found. Please use 'create_clock' or 'create_generated_clock' command to create clocks. [/home/ndownes/Desktop/xem7001_template/xem7001_template.srcs/constrs_1/new/xem7001.xdc:58]
WARNING: [Vivado 12-584] No ports matched 'hi_inout[*]'. [/home/ndownes/Desktop/xem7001_template/xem7001_template.srcs/constrs_1/new/xem7001.xdc:58]
CRITICAL WARNING: [Vivado 12-4739] set_input_delay:No valid object(s) found for '-objects [get_ports {hi_inout[*]}]'. [/home/ndownes/Desktop/xem7001_template/xem7001_template.srcs/constrs_1/new/xem7001.xdc:58]
Resolution: Check if the specified object(s) exists in the current design. If it does, ensure that the correct design hierarchy was specified for the object. If you are working with clocks, make sure create_clock was used to create the clock object before it is referenced.
WARNING: [Vivado 12-627] No clocks matched 'okHostClk'. [/home/ndownes/Desktop/xem7001_template/xem7001_template.srcs/constrs_1/new/xem7001.xdc:59]
INFO: [Vivado 12-626] No clocks found. Please use 'create_clock' or 'create_generated_clock' command to create clocks. [/home/ndownes/Desktop/xem7001_template/xem7001_template.srcs/constrs_1/new/xem7001.xdc:59]
WARNING: [Vivado 12-584] No ports matched 'hi_inout[*]'. [/home/ndownes/Desktop/xem7001_template/xem7001_template.srcs/constrs_1/new/xem7001.xdc:59]
CRITICAL WARNING: [Vivado 12-4739] set_input_delay:No valid object(s) found for '-objects [get_ports {hi_inout[*]}]'. [/home/ndownes/Desktop/xem7001_template/xem7001_template.srcs/constrs_1/new/xem7001.xdc:59]
Resolution: Check if the specified object(s) exists in the current design. If it does, ensure that the correct design hierarchy was specified for the object. If you are working with clocks, make sure create_clock was used to create the clock object before it is referenced.
WARNING: [Vivado 12-584] No ports matched 'hi_inout[*]'. [/home/ndownes/Desktop/xem7001_template/xem7001_template.srcs/constrs_1/new/xem7001.xdc:60]
CRITICAL WARNING: [Vivado 12-4739] set_multicycle_path:No valid object(s) found for '-from [get_ports {hi_inout[*]}]'. [/home/ndownes/Desktop/xem7001_template/xem7001_template.srcs/constrs_1/new/xem7001.xdc:60]
Resolution: Check if the specified object(s) exists in the current design. If it does, ensure that the correct design hierarchy was specified for the object. If you are working with clocks, make sure create_clock was used to create the clock object before it is referenced.
WARNING: [Vivado 12-627] No clocks matched 'okHostClk'. [/home/ndownes/Desktop/xem7001_template/xem7001_template.srcs/constrs_1/new/xem7001.xdc:62]
INFO: [Vivado 12-626] No clocks found. Please use 'create_clock' or 'create_generated_clock' command to create clocks. [/home/ndownes/Desktop/xem7001_template/xem7001_template.srcs/constrs_1/new/xem7001.xdc:62]
WARNING: [Vivado 12-584] No ports matched 'hi_in[*]'. [/home/ndownes/Desktop/xem7001_template/xem7001_template.srcs/constrs_1/new/xem7001.xdc:62]
CRITICAL WARNING: [Vivado 12-4739] set_input_delay:No valid object(s) found for '-objects [get_ports {hi_in[*]}]'. [/home/ndownes/Desktop/xem7001_template/xem7001_template.srcs/constrs_1/new/xem7001.xdc:62]
Resolution: Check if the specified object(s) exists in the current design. If it does, ensure that the correct design hierarchy was specified for the object. If you are working with clocks, make sure create_clock was used to create the clock object before it is referenced.
WARNING: [Vivado 12-627] No clocks matched 'okHostClk'. [/home/ndownes/Desktop/xem7001_template/xem7001_template.srcs/constrs_1/new/xem7001.xdc:63]
INFO: [Vivado 12-626] No clocks found. Please use 'create_clock' or 'create_generated_clock' command to create clocks. [/home/ndownes/Desktop/xem7001_template/xem7001_template.srcs/constrs_1/new/xem7001.xdc:63]
WARNING: [Vivado 12-584] No ports matched 'hi_in[*]'. [/home/ndownes/Desktop/xem7001_template/xem7001_template.srcs/constrs_1/new/xem7001.xdc:63]
CRITICAL WARNING: [Vivado 12-4739] set_input_delay:No valid object(s) found for '-objects [get_ports {hi_in[*]}]'. [/home/ndownes/Desktop/xem7001_template/xem7001_template.srcs/constrs_1/new/xem7001.xdc:63]
Resolution: Check if the specified object(s) exists in the current design. If it does, ensure that the correct design hierarchy was specified for the object. If you are working with clocks, make sure create_clock was used to create the clock object before it is referenced.
WARNING: [Vivado 12-584] No ports matched 'hi_in[*]'. [/home/ndownes/Desktop/xem7001_template/xem7001_template.srcs/constrs_1/new/xem7001.xdc:64]
CRITICAL WARNING: [Vivado 12-4739] set_multicycle_path:No valid object(s) found for '-from [get_ports {hi_in[*]}]'. [/home/ndownes/Desktop/xem7001_template/xem7001_template.srcs/constrs_1/new/xem7001.xdc:64]
Resolution: Check if the specified object(s) exists in the current design. If it does, ensure that the correct design hierarchy was specified for the object. If you are working with clocks, make sure create_clock was used to create the clock object before it is referenced.
WARNING: [Vivado 12-627] No clocks matched 'okHostClk'. [/home/ndownes/Desktop/xem7001_template/xem7001_template.srcs/constrs_1/new/xem7001.xdc:66]
INFO: [Vivado 12-626] No clocks found. Please use 'create_clock' or 'create_generated_clock' command to create clocks. [/home/ndownes/Desktop/xem7001_template/xem7001_template.srcs/constrs_1/new/xem7001.xdc:66]
WARNING: [Vivado 12-584] No ports matched 'hi_out[*]'. [/home/ndownes/Desktop/xem7001_template/xem7001_template.srcs/constrs_1/new/xem7001.xdc:66]
CRITICAL WARNING: [Vivado 12-4739] set_output_delay:No valid object(s) found for '-objects [get_ports {hi_out[*]}]'. [/home/ndownes/Desktop/xem7001_template/xem7001_template.srcs/constrs_1/new/xem7001.xdc:66]
Resolution: Check if the specified object(s) exists in the current design. If it does, ensure that the correct design hierarchy was specified for the object. If you are working with clocks, make sure create_clock was used to create the clock object before it is referenced.
WARNING: [Vivado 12-627] No clocks matched 'okHostClk'. [/home/ndownes/Desktop/xem7001_template/xem7001_template.srcs/constrs_1/new/xem7001.xdc:68]
INFO: [Vivado 12-626] No clocks found. Please use 'create_clock' or 'create_generated_clock' command to create clocks. [/home/ndownes/Desktop/xem7001_template/xem7001_template.srcs/constrs_1/new/xem7001.xdc:68]
WARNING: [Vivado 12-584] No ports matched 'hi_inout[*]'. [/home/ndownes/Desktop/xem7001_template/xem7001_template.srcs/constrs_1/new/xem7001.xdc:68]
CRITICAL WARNING: [Vivado 12-4739] set_output_delay:No valid object(s) found for '-objects [get_ports {hi_inout[*]}]'. [/home/ndownes/Desktop/xem7001_template/xem7001_template.srcs/constrs_1/new/xem7001.xdc:68]
Resolution: Check if the specified object(s) exists in the current design. If it does, ensure that the correct design hierarchy was specified for the object. If you are working with clocks, make sure create_clock was used to create the clock object before it is referenced.
WARNING: [Vivado 12-584] No ports matched 'trigger'. [/home/ndownes/Desktop/xem7001_template/xem7001_template.srcs/constrs_1/new/xem7001.xdc:151]
CRITICAL WARNING: [Common 17-55] 'set_property' expects at least one object. [/home/ndownes/Desktop/xem7001_template/xem7001_template.srcs/constrs_1/new/xem7001.xdc:151]
Resolution: If [get_<value>] was used to populate the object, check to make sure this command returns at least one valid object.
WARNING: [Vivado 12-584] No ports matched 'trigger'. [/home/ndownes/Desktop/xem7001_template/xem7001_template.srcs/constrs_1/new/xem7001.xdc:152]
CRITICAL WARNING: [Common 17-55] 'set_property' expects at least one object. [/home/ndownes/Desktop/xem7001_template/xem7001_template.srcs/constrs_1/new/xem7001.xdc:152]
Resolution: If [get_<value>] was used to populate the object, check to make sure this command returns at least one valid object.
WARNING: [Vivado 12-584] No ports matched 'led[0]'. [/home/ndownes/Desktop/xem7001_template/xem7001_template.srcs/constrs_1/new/xem7001.xdc:155]
CRITICAL WARNING: [Common 17-55] 'set_property' expects at least one object. [/home/ndownes/Desktop/xem7001_template/xem7001_template.srcs/constrs_1/new/xem7001.xdc:155]
Resolution: If [get_<value>] was used to populate the object, check to make sure this command returns at least one valid object.
WARNING: [Vivado 12-584] No ports matched 'led[1]'. [/home/ndownes/Desktop/xem7001_template/xem7001_template.srcs/constrs_1/new/xem7001.xdc:156]
CRITICAL WARNING: [Common 17-55] 'set_property' expects at least one object. [/home/ndownes/Desktop/xem7001_template/xem7001_template.srcs/constrs_1/new/xem7001.xdc:156]
Resolution: If [get_<value>] was used to populate the object, check to make sure this command returns at least one valid object.
WARNING: [Vivado 12-584] No ports matched 'led[2]'. [/home/ndownes/Desktop/xem7001_template/xem7001_template.srcs/constrs_1/new/xem7001.xdc:157]
CRITICAL WARNING: [Common 17-55] 'set_property' expects at least one object. [/home/ndownes/Desktop/xem7001_template/xem7001_template.srcs/constrs_1/new/xem7001.xdc:157]
Resolution: If [get_<value>] was used to populate the object, check to make sure this command returns at least one valid object.
WARNING: [Vivado 12-584] No ports matched 'led[3]'. [/home/ndownes/Desktop/xem7001_template/xem7001_template.srcs/constrs_1/new/xem7001.xdc:158]
CRITICAL WARNING: [Common 17-55] 'set_property' expects at least one object. [/home/ndownes/Desktop/xem7001_template/xem7001_template.srcs/constrs_1/new/xem7001.xdc:158]
Resolution: If [get_<value>] was used to populate the object, check to make sure this command returns at least one valid object.
WARNING: [Vivado 12-584] No ports matched 'led[4]'. [/home/ndownes/Desktop/xem7001_template/xem7001_template.srcs/constrs_1/new/xem7001.xdc:159]
CRITICAL WARNING: [Common 17-55] 'set_property' expects at least one object. [/home/ndownes/Desktop/xem7001_template/xem7001_template.srcs/constrs_1/new/xem7001.xdc:159]
Resolution: If [get_<value>] was used to populate the object, check to make sure this command returns at least one valid object.
WARNING: [Vivado 12-584] No ports matched 'led[5]'. [/home/ndownes/Desktop/xem7001_template/xem7001_template.srcs/constrs_1/new/xem7001.xdc:160]
CRITICAL WARNING: [Common 17-55] 'set_property' expects at least one object. [/home/ndownes/Desktop/xem7001_template/xem7001_template.srcs/constrs_1/new/xem7001.xdc:160]
Resolution: If [get_<value>] was used to populate the object, check to make sure this command returns at least one valid object.
WARNING: [Vivado 12-584] No ports matched 'led[6]'. [/home/ndownes/Desktop/xem7001_template/xem7001_template.srcs/constrs_1/new/xem7001.xdc:161]
CRITICAL WARNING: [Common 17-55] 'set_property' expects at least one object. [/home/ndownes/Desktop/xem7001_template/xem7001_template.srcs/constrs_1/new/xem7001.xdc:161]
Resolution: If [get_<value>] was used to populate the object, check to make sure this command returns at least one valid object.
WARNING: [Vivado 12-584] No ports matched 'led[7]'. [/home/ndownes/Desktop/xem7001_template/xem7001_template.srcs/constrs_1/new/xem7001.xdc:162]
CRITICAL WARNING: [Common 17-55] 'set_property' expects at least one object. [/home/ndownes/Desktop/xem7001_template/xem7001_template.srcs/constrs_1/new/xem7001.xdc:162]
Resolution: If [get_<value>] was used to populate the object, check to make sure this command returns at least one valid object.
WARNING: [Vivado 12-584] No ports matched 'led[*]'. [/home/ndownes/Desktop/xem7001_template/xem7001_template.srcs/constrs_1/new/xem7001.xdc:163]
CRITICAL WARNING: [Common 17-55] 'set_property' expects at least one object. [/home/ndownes/Desktop/xem7001_template/xem7001_template.srcs/constrs_1/new/xem7001.xdc:163]
Resolution: If [get_<value>] was used to populate the object, check to make sure this command returns at least one valid object.
Finished Parsing XDC File [/home/ndownes/Desktop/xem7001_template/xem7001_template.srcs/constrs_1/new/xem7001.xdc]
INFO: [Opt 31-138] Pushed 0 inverter(s) to 0 load pin(s).
Netlist sorting complete. Time (s): cpu = 00:00:00 ; elapsed = 00:00:00 . Memory (MB): peak = 2420.965 ; gain = 0.000 ; free physical = 111775 ; free virtual = 116845
INFO: [Project 1-111] Unisim Transformation Summary:
No Unisim elements were transformed.

15 Infos, 60 Warnings, 54 Critical Warnings and 0 Errors encountered.
link_design completed successfully
link_design: Time (s): cpu = 00:00:07 ; elapsed = 00:00:07 . Memory (MB): peak = 2420.965 ; gain = 1063.332 ; free physical = 111773 ; free virtual = 116844
Command: opt_design
Attempting to get a license for feature 'Implementation' and/or device 'xc7a15t'
INFO: [Common 17-349] Got license for feature 'Implementation' and/or device 'xc7a15t'
Running DRC as a precondition to command opt_design

Starting DRC Task
INFO: [DRC 23-27] Running DRC with 8 threads
INFO: [Project 1-461] DRC finished with 0 Errors
INFO: [Project 1-462] Please refer to the DRC report (report_drc) for more information.

Time (s): cpu = 00:00:00.79 ; elapsed = 00:00:00.49 . Memory (MB): peak = 2484.996 ; gain = 64.031 ; free physical = 111758 ; free virtual = 116828

Starting Cache Timing Information Task
INFO: [Timing 38-35] Done setting XDC timing constraints.
Ending Cache Timing Information Task | Checksum: 13546a587

Time (s): cpu = 00:00:00.01 ; elapsed = 00:00:00.01 . Memory (MB): peak = 2484.996 ; gain = 0.000 ; free physical = 111758 ; free virtual = 116828

Starting Logic Optimization Task

Phase 1 Initialization

Phase 1.1 Core Generation And Design Setup
Phase 1.1 Core Generation And Design Setup | Checksum: 13546a587

Time (s): cpu = 00:00:00.01 ; elapsed = 00:00:00 . Memory (MB): peak = 2775.723 ; gain = 0.000 ; free physical = 111452 ; free virtual = 116522

Phase 1.2 Setup Constraints And Sort Netlist
Phase 1.2 Setup Constraints And Sort Netlist | Checksum: 13546a587

Time (s): cpu = 00:00:00.01 ; elapsed = 00:00:00.01 . Memory (MB): peak = 2775.723 ; gain = 0.000 ; free physical = 111452 ; free virtual = 116522
Phase 1 Initialization | Checksum: 13546a587

Time (s): cpu = 00:00:00.01 ; elapsed = 00:00:00.01 . Memory (MB): peak = 2775.723 ; gain = 0.000 ; free physical = 111452 ; free virtual = 116522

Phase 2 Timer Update And Timing Data Collection

Phase 2.1 Timer Update
Phase 2.1 Timer Update | Checksum: 13546a587

Time (s): cpu = 00:00:00.01 ; elapsed = 00:00:00.01 . Memory (MB): peak = 2775.723 ; gain = 0.000 ; free physical = 111452 ; free virtual = 116522

Phase 2.2 Timing Data Collection
Phase 2.2 Timing Data Collection | Checksum: 13546a587

Time (s): cpu = 00:00:00.01 ; elapsed = 00:00:00.01 . Memory (MB): peak = 2775.723 ; gain = 0.000 ; free physical = 111452 ; free virtual = 116522
Phase 2 Timer Update And Timing Data Collection | Checksum: 13546a587

Time (s): cpu = 00:00:00.01 ; elapsed = 00:00:00.01 . Memory (MB): peak = 2775.723 ; gain = 0.000 ; free physical = 111452 ; free virtual = 116522

Phase 3 Retarget
INFO: [Opt 31-1834] Total Chains To Be Transformed Were: 0 AND Number of Transformed insts Created are: 0
INFO: [Opt 31-138] Pushed 0 inverter(s) to 0 load pin(s).
INFO: [Opt 31-49] Retargeted 0 cell(s).
Phase 3 Retarget | Checksum: 13546a587

Time (s): cpu = 00:00:00.01 ; elapsed = 00:00:00.02 . Memory (MB): peak = 2775.723 ; gain = 0.000 ; free physical = 111452 ; free virtual = 116522
Retarget | Checksum: 13546a587
INFO: [Opt 31-389] Phase Retarget created 0 cells and removed 0 cells

Phase 4 Constant propagation
INFO: [Opt 31-138] Pushed 0 inverter(s) to 0 load pin(s).
Phase 4 Constant propagation | Checksum: 13546a587

Time (s): cpu = 00:00:00.01 ; elapsed = 00:00:00.02 . Memory (MB): peak = 2775.723 ; gain = 0.000 ; free physical = 111452 ; free virtual = 116522
Constant propagation | Checksum: 13546a587
INFO: [Opt 31-389] Phase Constant propagation created 0 cells and removed 0 cells

Phase 5 Sweep
Phase 5 Sweep | Checksum: 1e8c4733f

Time (s): cpu = 00:00:00.01 ; elapsed = 00:00:00.03 . Memory (MB): peak = 2775.723 ; gain = 0.000 ; free physical = 111452 ; free virtual = 116522
Sweep | Checksum: 1e8c4733f
INFO: [Opt 31-389] Phase Sweep created 8 cells and removed 0 cells

Phase 6 BUFG optimization
INFO: [Opt 31-194] Inserted BUFG U_clk_div/CLK_BUFG_inst to drive 39 load(s) on clock net U_clk_div/CLK_BUFG
INFO: [Opt 31-193] Inserted 1 BUFG(s) on clock nets
Phase 6 BUFG optimization | Checksum: 127db7076

Time (s): cpu = 00:00:00.02 ; elapsed = 00:00:00.03 . Memory (MB): peak = 2775.723 ; gain = 0.000 ; free physical = 111452 ; free virtual = 116522
BUFG optimization | Checksum: 127db7076
INFO: [Opt 31-662] Phase BUFG optimization created 1 cells of which 1 are BUFGs and removed 0 cells.

Phase 7 Shift Register Optimization
INFO: [Opt 31-1064] SRL Remap converted 0 SRLs to 0 registers and converted 0 registers of register chains to 0 SRLs
Phase 7 Shift Register Optimization | Checksum: 127db7076

Time (s): cpu = 00:00:00.02 ; elapsed = 00:00:00.03 . Memory (MB): peak = 2775.723 ; gain = 0.000 ; free physical = 111452 ; free virtual = 116522
Shift Register Optimization | Checksum: 127db7076
INFO: [Opt 31-389] Phase Shift Register Optimization created 0 cells and removed 0 cells

Phase 8 Post Processing Netlist
Phase 8 Post Processing Netlist | Checksum: 13f2134be

Time (s): cpu = 00:00:00.02 ; elapsed = 00:00:00.03 . Memory (MB): peak = 2775.723 ; gain = 0.000 ; free physical = 111452 ; free virtual = 116522
Post Processing Netlist | Checksum: 13f2134be
INFO: [Opt 31-389] Phase Post Processing Netlist created 0 cells and removed 0 cells

Phase 9 Finalization

Phase 9.1 Finalizing Design Cores and Updating Shapes
Phase 9.1 Finalizing Design Cores and Updating Shapes | Checksum: 16225190d

Time (s): cpu = 00:00:00.03 ; elapsed = 00:00:00.04 . Memory (MB): peak = 2775.723 ; gain = 0.000 ; free physical = 111452 ; free virtual = 116522

Phase 9.2 Verifying Netlist Connectivity

Starting Connectivity Check Task

Time (s): cpu = 00:00:00 ; elapsed = 00:00:00 . Memory (MB): peak = 2775.723 ; gain = 0.000 ; free physical = 111452 ; free virtual = 116522
Phase 9.2 Verifying Netlist Connectivity | Checksum: 16225190d

Time (s): cpu = 00:00:00.03 ; elapsed = 00:00:00.04 . Memory (MB): peak = 2775.723 ; gain = 0.000 ; free physical = 111452 ; free virtual = 116522
Phase 9 Finalization | Checksum: 16225190d

Time (s): cpu = 00:00:00.03 ; elapsed = 00:00:00.04 . Memory (MB): peak = 2775.723 ; gain = 0.000 ; free physical = 111452 ; free virtual = 116522
Opt_design Change Summary
=========================


-------------------------------------------------------------------------------------------------------------------------
|  Phase                        |  #Cells created  |  #Cells Removed  |  #Constrained objects preventing optimizations  |
-------------------------------------------------------------------------------------------------------------------------
|  Retarget                     |               0  |               0  |                                              0  |
|  Constant propagation         |               0  |               0  |                                              0  |
|  Sweep                        |               8  |               0  |                                              0  |
|  BUFG optimization            |               1  |               0  |                                              0  |
|  Shift Register Optimization  |               0  |               0  |                                              0  |
|  Post Processing Netlist      |               0  |               0  |                                              0  |
-------------------------------------------------------------------------------------------------------------------------


Ending Logic Optimization Task | Checksum: 16225190d

Time (s): cpu = 00:00:00.03 ; elapsed = 00:00:00.04 . Memory (MB): peak = 2775.723 ; gain = 0.000 ; free physical = 111452 ; free virtual = 116522

Starting Power Optimization Task
INFO: [Pwropt 34-132] Skipping clock gating for clocks with a period < 2.00 ns.
Ending Power Optimization Task | Checksum: 16225190d

Time (s): cpu = 00:00:00.04 ; elapsed = 00:00:00 . Memory (MB): peak = 2775.723 ; gain = 0.000 ; free physical = 111452 ; free virtual = 116522

Starting Final Cleanup Task
Ending Final Cleanup Task | Checksum: 16225190d

Time (s): cpu = 00:00:00 ; elapsed = 00:00:00 . Memory (MB): peak = 2775.723 ; gain = 0.000 ; free physical = 111452 ; free virtual = 116522

Starting Netlist Obfuscation Task
Netlist sorting complete. Time (s): cpu = 00:00:00 ; elapsed = 00:00:00 . Memory (MB): peak = 2775.723 ; gain = 0.000 ; free physical = 111452 ; free virtual = 116522
Ending Netlist Obfuscation Task | Checksum: 16225190d

Time (s): cpu = 00:00:00 ; elapsed = 00:00:00 . Memory (MB): peak = 2775.723 ; gain = 0.000 ; free physical = 111452 ; free virtual = 116522
INFO: [Common 17-83] Releasing license: Implementation
35 Infos, 60 Warnings, 54 Critical Warnings and 0 Errors encountered.
opt_design completed successfully
INFO: [Vivado 12-24828] Executing command : report_drc -file breadboard_test_drc_opted.rpt -pb breadboard_test_drc_opted.pb -rpx breadboard_test_drc_opted.rpx
Command: report_drc -file breadboard_test_drc_opted.rpt -pb breadboard_test_drc_opted.pb -rpx breadboard_test_drc_opted.rpx
INFO: [IP_Flow 19-234] Refreshing IP repositories
INFO: [IP_Flow 19-1704] No user IP repositories specified
INFO: [IP_Flow 19-2313] Loaded Vivado IP repository '/opt/Xilinx/Vivado/2024.1/data/ip'.
INFO: [DRC 23-27] Running DRC with 8 threads
INFO: [Vivado_Tcl 2-168] The results of DRC are in file /home/ndownes/Desktop/xem7001_template/xem7001_template.runs/impl_1/breadboard_test_drc_opted.rpt.
report_drc completed successfully
INFO: [Timing 38-480] Writing timing data to binary archive.
Write ShapeDB Complete: Time (s): cpu = 00:00:00 ; elapsed = 00:00:00 . Memory (MB): peak = 2863.766 ; gain = 0.000 ; free physical = 111430 ; free virtual = 116500
Wrote PlaceDB: Time (s): cpu = 00:00:00 ; elapsed = 00:00:00 . Memory (MB): peak = 2863.766 ; gain = 0.000 ; free physical = 111430 ; free virtual = 116500
Wrote PulsedLatchDB: Time (s): cpu = 00:00:00 ; elapsed = 00:00:00 . Memory (MB): peak = 2863.766 ; gain = 0.000 ; free physical = 111430 ; free virtual = 116500
Writing XDEF routing.
Writing XDEF routing logical nets.
Writing XDEF routing special nets.
Wrote RouteStorage: Time (s): cpu = 00:00:00.03 ; elapsed = 00:00:00.02 . Memory (MB): peak = 2863.766 ; gain = 0.000 ; free physical = 111429 ; free virtual = 116500
Wrote Netlist Cache: Time (s): cpu = 00:00:00 ; elapsed = 00:00:00 . Memory (MB): peak = 2863.766 ; gain = 0.000 ; free physical = 111429 ; free virtual = 116500
Wrote Device Cache: Time (s): cpu = 00:00:00 ; elapsed = 00:00:00 . Memory (MB): peak = 2863.766 ; gain = 0.000 ; free physical = 111429 ; free virtual = 116500
Write Physdb Complete: Time (s): cpu = 00:00:00.03 ; elapsed = 00:00:00.02 . Memory (MB): peak = 2863.766 ; gain = 0.000 ; free physical = 111429 ; free virtual = 116500
INFO: [Common 17-1381] The checkpoint '/home/ndownes/Desktop/xem7001_template/xem7001_template.runs/impl_1/breadboard_test_opt.dcp' has been generated.
Command: place_design
Attempting to get a license for feature 'Implementation' and/or device 'xc7a15t'
INFO: [Common 17-349] Got license for feature 'Implementation' and/or device 'xc7a15t'
INFO: [Common 17-83] Releasing license: Implementation
INFO: [DRC 23-27] Running DRC with 8 threads
INFO: [Vivado_Tcl 4-198] DRC finished with 0 Errors
INFO: [Vivado_Tcl 4-199] Please refer to the DRC report (report_drc) for more information.
Running DRC as a precondition to command place_design
INFO: [DRC 23-27] Running DRC with 8 threads
INFO: [Vivado_Tcl 4-198] DRC finished with 0 Errors
INFO: [Vivado_Tcl 4-199] Please refer to the DRC report (report_drc) for more information.
INFO: [Place 30-611] Multithreading enabled for place_design using a maximum of 8 CPUs

Starting Placer Task

Phase 1 Placer Initialization

Phase 1.1 Placer Initialization Netlist Sorting
Netlist sorting complete. Time (s): cpu = 00:00:00 ; elapsed = 00:00:00 . Memory (MB): peak = 2863.766 ; gain = 0.000 ; free physical = 111432 ; free virtual = 116502
Phase 1.1 Placer Initialization Netlist Sorting | Checksum: 1396f9855

Time (s): cpu = 00:00:00 ; elapsed = 00:00:00 . Memory (MB): peak = 2863.766 ; gain = 0.000 ; free physical = 111432 ; free virtual = 116502
Netlist sorting complete. Time (s): cpu = 00:00:00 ; elapsed = 00:00:00 . Memory (MB): peak = 2863.766 ; gain = 0.000 ; free physical = 111432 ; free virtual = 116502

Phase 1.2 IO Placement/ Clock Placement/ Build Placer Device
INFO: [Timing 38-35] Done setting XDC timing constraints.
Phase 1.2 IO Placement/ Clock Placement/ Build Placer Device | Checksum: 19f294b62

Time (s): cpu = 00:00:00.21 ; elapsed = 00:00:00.09 . Memory (MB): peak = 2863.766 ; gain = 0.000 ; free physical = 111418 ; free virtual = 116488

Phase 1.3 Build Placer Netlist Model
Phase 1.3 Build Placer Netlist Model | Checksum: 247c1025e

Time (s): cpu = 00:00:00.26 ; elapsed = 00:00:00.1 . Memory (MB): peak = 2863.766 ; gain = 0.000 ; free physical = 111418 ; free virtual = 116488

Phase 1.4 Constrain Clocks/Macros
Phase 1.4 Constrain Clocks/Macros | Checksum: 247c1025e

Time (s): cpu = 00:00:00.26 ; elapsed = 00:00:00.1 . Memory (MB): peak = 2863.766 ; gain = 0.000 ; free physical = 111418 ; free virtual = 116488
Phase 1 Placer Initialization | Checksum: 247c1025e

Time (s): cpu = 00:00:00.26 ; elapsed = 00:00:00.1 . Memory (MB): peak = 2863.766 ; gain = 0.000 ; free physical = 111417 ; free virtual = 116487

Phase 2 Global Placement

Phase 2.1 Floorplanning
Phase 2.1 Floorplanning | Checksum: 247c1025e

Time (s): cpu = 00:00:00.26 ; elapsed = 00:00:00.11 . Memory (MB): peak = 2863.766 ; gain = 0.000 ; free physical = 111417 ; free virtual = 116487

Phase 2.2 Update Timing before SLR Path Opt
Phase 2.2 Update Timing before SLR Path Opt | Checksum: 247c1025e

Time (s): cpu = 00:00:00.27 ; elapsed = 00:00:00.11 . Memory (MB): peak = 2863.766 ; gain = 0.000 ; free physical = 111417 ; free virtual = 116487

Phase 2.3 Post-Processing in Floorplanning
Phase 2.3 Post-Processing in Floorplanning | Checksum: 247c1025e

Time (s): cpu = 00:00:00.27 ; elapsed = 00:00:00.11 . Memory (MB): peak = 2863.766 ; gain = 0.000 ; free physical = 111417 ; free virtual = 116487

Phase 2.4 Global Placement Core
WARNING: [Place 46-29] Timing had been disabled during Placer and, therefore, physical synthesis in Placer will be skipped.
Phase 2.4 Global Placement Core | Checksum: 25fb51172

Time (s): cpu = 00:00:00.69 ; elapsed = 00:00:00.22 . Memory (MB): peak = 2863.766 ; gain = 0.000 ; free physical = 111350 ; free virtual = 116420
Phase 2 Global Placement | Checksum: 25fb51172

Time (s): cpu = 00:00:00.69 ; elapsed = 00:00:00.22 . Memory (MB): peak = 2863.766 ; gain = 0.000 ; free physical = 111350 ; free virtual = 116420

Phase 3 Detail Placement

Phase 3.1 Commit Multi Column Macros
Phase 3.1 Commit Multi Column Macros | Checksum: 25fb51172

Time (s): cpu = 00:00:00.72 ; elapsed = 00:00:00.23 . Memory (MB): peak = 2863.766 ; gain = 0.000 ; free physical = 111350 ; free virtual = 116420

Phase 3.2 Commit Most Macros & LUTRAMs
Phase 3.2 Commit Most Macros & LUTRAMs | Checksum: 1f14ef92b

Time (s): cpu = 00:00:00.76 ; elapsed = 00:00:00.23 . Memory (MB): peak = 2863.766 ; gain = 0.000 ; free physical = 111362 ; free virtual = 116432

Phase 3.3 Area Swap Optimization
Phase 3.3 Area Swap Optimization | Checksum: 202683d0f

Time (s): cpu = 00:00:00.78 ; elapsed = 00:00:00.24 . Memory (MB): peak = 2863.766 ; gain = 0.000 ; free physical = 111384 ; free virtual = 116455

Phase 3.4 Pipeline Register Optimization
Phase 3.4 Pipeline Register Optimization | Checksum: 202683d0f

Time (s): cpu = 00:00:00.78 ; elapsed = 00:00:00.24 . Memory (MB): peak = 2863.766 ; gain = 0.000 ; free physical = 111384 ; free virtual = 116455

Phase 3.5 Small Shape Detail Placement
Phase 3.5 Small Shape Detail Placement | Checksum: 24275673a

Time (s): cpu = 00:00:00.96 ; elapsed = 00:00:00.28 . Memory (MB): peak = 2863.766 ; gain = 0.000 ; free physical = 111396 ; free virtual = 116466

Phase 3.6 Re-assign LUT pins
Phase 3.6 Re-assign LUT pins | Checksum: 24275673a

Time (s): cpu = 00:00:00.98 ; elapsed = 00:00:00.29 . Memory (MB): peak = 2863.766 ; gain = 0.000 ; free physical = 111396 ; free virtual = 116466

Phase 3.7 Pipeline Register Optimization
Phase 3.7 Pipeline Register Optimization | Checksum: 24275673a

Time (s): cpu = 00:00:00.98 ; elapsed = 00:00:00.29 . Memory (MB): peak = 2863.766 ; gain = 0.000 ; free physical = 111396 ; free virtual = 116466
Phase 3 Detail Placement | Checksum: 24275673a

Time (s): cpu = 00:00:00.98 ; elapsed = 00:00:00.29 . Memory (MB): peak = 2863.766 ; gain = 0.000 ; free physical = 111396 ; free virtual = 116466

Phase 4 Post Placement Optimization and Clean-Up

Phase 4.1 Post Commit Optimization
Phase 4.1 Post Commit Optimization | Checksum: 24275673a

Time (s): cpu = 00:00:01 ; elapsed = 00:00:00.3 . Memory (MB): peak = 2863.766 ; gain = 0.000 ; free physical = 111407 ; free virtual = 116477

Phase 4.2 Post Placement Cleanup
Phase 4.2 Post Placement Cleanup | Checksum: 24275673a

Time (s): cpu = 00:00:01 ; elapsed = 00:00:00.31 . Memory (MB): peak = 2863.766 ; gain = 0.000 ; free physical = 111407 ; free virtual = 116477

Phase 4.3 Placer Reporting

Phase 4.3.1 Print Estimated Congestion
INFO: [Place 30-612] Post-Placement Estimated Congestion 
 ____________________________________________________
|           | Global Congestion | Short Congestion  |
| Direction | Region Size       | Region Size       |
|___________|___________________|___________________|
|      North|                1x1|                1x1|
|___________|___________________|___________________|
|      South|                1x1|                1x1|
|___________|___________________|___________________|
|       East|                1x1|                1x1|
|___________|___________________|___________________|
|       West|                1x1|                1x1|
|___________|___________________|___________________|

Phase 4.3.1 Print Estimated Congestion | Checksum: 24275673a

Time (s): cpu = 00:00:01 ; elapsed = 00:00:00.31 . Memory (MB): peak = 2863.766 ; gain = 0.000 ; free physical = 111407 ; free virtual = 116477
Phase 4.3 Placer Reporting | Checksum: 24275673a

Time (s): cpu = 00:00:01 ; elapsed = 00:00:00.31 . Memory (MB): peak = 2863.766 ; gain = 0.000 ; free physical = 111407 ; free virtual = 116477

Phase 4.4 Final Placement Cleanup
Netlist sorting complete. Time (s): cpu = 00:00:00 ; elapsed = 00:00:00 . Memory (MB): peak = 2863.766 ; gain = 0.000 ; free physical = 111407 ; free virtual = 116477

Time (s): cpu = 00:00:01 ; elapsed = 00:00:00.31 . Memory (MB): peak = 2863.766 ; gain = 0.000 ; free physical = 111407 ; free virtual = 116477
Phase 4 Post Placement Optimization and Clean-Up | Checksum: 1d3e5f9ff

Time (s): cpu = 00:00:01 ; elapsed = 00:00:00.31 . Memory (MB): peak = 2863.766 ; gain = 0.000 ; free physical = 111407 ; free virtual = 116477
Ending Placer Task | Checksum: 1644198cc

Time (s): cpu = 00:00:01 ; elapsed = 00:00:00.31 . Memory (MB): peak = 2863.766 ; gain = 0.000 ; free physical = 111407 ; free virtual = 116477
54 Infos, 61 Warnings, 54 Critical Warnings and 0 Errors encountered.
place_design completed successfully
INFO: [Vivado 12-24838] Running report commands "report_control_sets, report_io, report_utilization" in parallel.
Running report generation with 3 threads.
INFO: [Vivado 12-24828] Executing command : report_control_sets -verbose -file breadboard_test_control_sets_placed.rpt
report_control_sets: Time (s): cpu = 00:00:00.06 ; elapsed = 00:00:00.08 . Memory (MB): peak = 2863.766 ; gain = 0.000 ; free physical = 111397 ; free virtual = 116468
INFO: [Vivado 12-24828] Executing command : report_utilization -file breadboard_test_utilization_placed.rpt -pb breadboard_test_utilization_placed.pb
INFO: [Vivado 12-24828] Executing command : report_io -file breadboard_test_io_placed.rpt
report_io: Time (s): cpu = 00:00:00.12 ; elapsed = 00:00:00.17 . Memory (MB): peak = 2863.766 ; gain = 0.000 ; free physical = 111388 ; free virtual = 116459
INFO: [Timing 38-480] Writing timing data to binary archive.
Write ShapeDB Complete: Time (s): cpu = 00:00:00 ; elapsed = 00:00:00 . Memory (MB): peak = 2863.766 ; gain = 0.000 ; free physical = 111388 ; free virtual = 116459
Wrote PlaceDB: Time (s): cpu = 00:00:00.01 ; elapsed = 00:00:00.01 . Memory (MB): peak = 2863.766 ; gain = 0.000 ; free physical = 111387 ; free virtual = 116458
Wrote PulsedLatchDB: Time (s): cpu = 00:00:00 ; elapsed = 00:00:00 . Memory (MB): peak = 2863.766 ; gain = 0.000 ; free physical = 111387 ; free virtual = 116458
Writing XDEF routing.
Writing XDEF routing logical nets.
Writing XDEF routing special nets.
Wrote RouteStorage: Time (s): cpu = 00:00:00.01 ; elapsed = 00:00:00.01 . Memory (MB): peak = 2863.766 ; gain = 0.000 ; free physical = 111387 ; free virtual = 116458
Wrote Netlist Cache: Time (s): cpu = 00:00:00 ; elapsed = 00:00:00 . Memory (MB): peak = 2863.766 ; gain = 0.000 ; free physical = 111387 ; free virtual = 116458
Wrote Device Cache: Time (s): cpu = 00:00:00 ; elapsed = 00:00:00 . Memory (MB): peak = 2863.766 ; gain = 0.000 ; free physical = 111387 ; free virtual = 116458
Write Physdb Complete: Time (s): cpu = 00:00:00.04 ; elapsed = 00:00:00.02 . Memory (MB): peak = 2863.766 ; gain = 0.000 ; free physical = 111387 ; free virtual = 116458
INFO: [Common 17-1381] The checkpoint '/home/ndownes/Desktop/xem7001_template/xem7001_template.runs/impl_1/breadboard_test_placed.dcp' has been generated.
Command: phys_opt_design
Attempting to get a license for feature 'Implementation' and/or device 'xc7a15t'
INFO: [Common 17-349] Got license for feature 'Implementation' and/or device 'xc7a15t'

Starting Initial Update Timing Task

Time (s): cpu = 00:00:00.01 ; elapsed = 00:00:00.02 . Memory (MB): peak = 2863.766 ; gain = 0.000 ; free physical = 111353 ; free virtual = 116424
INFO: [Vivado_Tcl 4-235] No timing constraint found. The netlist was not modified.
INFO: [Common 17-83] Releasing license: Implementation
63 Infos, 61 Warnings, 54 Critical Warnings and 0 Errors encountered.
phys_opt_design completed successfully
INFO: [Timing 38-480] Writing timing data to binary archive.
Write ShapeDB Complete: Time (s): cpu = 00:00:00 ; elapsed = 00:00:00 . Memory (MB): peak = 2863.766 ; gain = 0.000 ; free physical = 111353 ; free virtual = 116424
Wrote PlaceDB: Time (s): cpu = 00:00:00.01 ; elapsed = 00:00:00.01 . Memory (MB): peak = 2863.766 ; gain = 0.000 ; free physical = 111351 ; free virtual = 116422
Wrote PulsedLatchDB: Time (s): cpu = 00:00:00 ; elapsed = 00:00:00 . Memory (MB): peak = 2863.766 ; gain = 0.000 ; free physical = 111351 ; free virtual = 116422
Writing XDEF routing.
Writing XDEF routing logical nets.
Writing XDEF routing special nets.
Wrote RouteStorage: Time (s): cpu = 00:00:00.02 ; elapsed = 00:00:00.01 . Memory (MB): peak = 2863.766 ; gain = 0.000 ; free physical = 111350 ; free virtual = 116421
Wrote Netlist Cache: Time (s): cpu = 00:00:00 ; elapsed = 00:00:00 . Memory (MB): peak = 2863.766 ; gain = 0.000 ; free physical = 111350 ; free virtual = 116421
Wrote Device Cache: Time (s): cpu = 00:00:00 ; elapsed = 00:00:00 . Memory (MB): peak = 2863.766 ; gain = 0.000 ; free physical = 111350 ; free virtual = 116422
Write Physdb Complete: Time (s): cpu = 00:00:00.04 ; elapsed = 00:00:00.02 . Memory (MB): peak = 2863.766 ; gain = 0.000 ; free physical = 111350 ; free virtual = 116422
INFO: [Common 17-1381] The checkpoint '/home/ndownes/Desktop/xem7001_template/xem7001_template.runs/impl_1/breadboard_test_physopt.dcp' has been generated.
Command: route_design
Attempting to get a license for feature 'Implementation' and/or device 'xc7a15t'
INFO: [Common 17-349] Got license for feature 'Implementation' and/or device 'xc7a15t'
Running DRC as a precondition to command route_design
INFO: [DRC 23-27] Running DRC with 8 threads
INFO: [Vivado_Tcl 4-198] DRC finished with 0 Errors
INFO: [Vivado_Tcl 4-199] Please refer to the DRC report (report_drc) for more information.


Starting Routing Task
INFO: [Route 35-254] Multithreading enabled for route_design using a maximum of 8 CPUs

Phase 1 Build RT Design
Checksum: PlaceDB: ea5f719c ConstDB: 0 ShapeSum: 71da396a RouteDB: 807edc6
Post Restoration Checksum: NetGraph: ee0aefac | NumContArr: 8c189707 | Constraints: c2a8fa9d | Timing: c2a8fa9d
Phase 1 Build RT Design | Checksum: 2ff757bed

Time (s): cpu = 00:00:09 ; elapsed = 00:00:08 . Memory (MB): peak = 2882.297 ; gain = 6.656 ; free physical = 111258 ; free virtual = 116329

Phase 2 Router Initialization
INFO: [Route 35-64] No timing constraints were detected. The router will operate in resource-optimization mode.

Phase 2.1 Fix Topology Constraints
Phase 2.1 Fix Topology Constraints | Checksum: 2ff757bed

Time (s): cpu = 00:00:09 ; elapsed = 00:00:08 . Memory (MB): peak = 2912.297 ; gain = 36.656 ; free physical = 111234 ; free virtual = 116305

Phase 2.2 Pre Route Cleanup
Phase 2.2 Pre Route Cleanup | Checksum: 2ff757bed

Time (s): cpu = 00:00:09 ; elapsed = 00:00:08 . Memory (MB): peak = 2912.297 ; gain = 36.656 ; free physical = 111234 ; free virtual = 116305
 Number of Nodes with overlaps = 0

Router Utilization Summary
  Global Vertical Routing Utilization    = 0 %
  Global Horizontal Routing Utilization  = 0 %
  Routable Net Status*
  *Does not include unroutable nets such as driverless and loadless.
  Run report_route_status for detailed report.
  Number of Failed Nets               = 135
    (Failed Nets is the sum of unrouted and partially routed nets)
  Number of Unrouted Nets             = 135
  Number of Partially Routed Nets     = 0
  Number of Node Overlaps             = 0

Phase 2 Router Initialization | Checksum: 2dc9726e3

Time (s): cpu = 00:00:09 ; elapsed = 00:00:08 . Memory (MB): peak = 2931.297 ; gain = 55.656 ; free physical = 111214 ; free virtual = 116285

Phase 3 Global Routing
Phase 3 Global Routing | Checksum: 2dc9726e3

Time (s): cpu = 00:00:09 ; elapsed = 00:00:08 . Memory (MB): peak = 2931.297 ; gain = 55.656 ; free physical = 111214 ; free virtual = 116285

Phase 4 Initial Routing

Phase 4.1 Initial Net Routing Pass
Phase 4.1 Initial Net Routing Pass | Checksum: 1ee639bcd

Time (s): cpu = 00:00:09 ; elapsed = 00:00:08 . Memory (MB): peak = 2931.297 ; gain = 55.656 ; free physical = 111214 ; free virtual = 116285
Phase 4 Initial Routing | Checksum: 1ee639bcd

Time (s): cpu = 00:00:09 ; elapsed = 00:00:08 . Memory (MB): peak = 2931.297 ; gain = 55.656 ; free physical = 111214 ; free virtual = 116285

Phase 5 Rip-up And Reroute

Phase 5.1 Global Iteration 0
 Number of Nodes with overlaps = 2
 Number of Nodes with overlaps = 0
Phase 5.1 Global Iteration 0 | Checksum: 1de27e86e

Time (s): cpu = 00:00:09 ; elapsed = 00:00:08 . Memory (MB): peak = 2931.297 ; gain = 55.656 ; free physical = 111214 ; free virtual = 116285
Phase 5 Rip-up And Reroute | Checksum: 1de27e86e

Time (s): cpu = 00:00:09 ; elapsed = 00:00:08 . Memory (MB): peak = 2931.297 ; gain = 55.656 ; free physical = 111214 ; free virtual = 116285

Phase 6 Delay and Skew Optimization
Phase 6 Delay and Skew Optimization | Checksum: 1de27e86e

Time (s): cpu = 00:00:09 ; elapsed = 00:00:08 . Memory (MB): peak = 2931.297 ; gain = 55.656 ; free physical = 111214 ; free virtual = 116285

Phase 7 Post Hold Fix

Phase 7.1 Hold Fix Iter
Phase 7.1 Hold Fix Iter | Checksum: 1de27e86e

Time (s): cpu = 00:00:09 ; elapsed = 00:00:08 . Memory (MB): peak = 2931.297 ; gain = 55.656 ; free physical = 111214 ; free virtual = 116285
Phase 7 Post Hold Fix | Checksum: 1de27e86e

Time (s): cpu = 00:00:09 ; elapsed = 00:00:08 . Memory (MB): peak = 2931.297 ; gain = 55.656 ; free physical = 111214 ; free virtual = 116285

Phase 8 Route finalize

Router Utilization Summary
  Global Vertical Routing Utilization    = 0.0563661 %
  Global Horizontal Routing Utilization  = 0.0654607 %
  Routable Net Status*
  *Does not include unroutable nets such as driverless and loadless.
  Run report_route_status for detailed report.
  Number of Failed Nets               = 0
    (Failed Nets is the sum of unrouted and partially routed nets)
  Number of Unrouted Nets             = 0
  Number of Partially Routed Nets     = 0
  Number of Node Overlaps             = 0


--GLOBAL Congestion:
Utilization threshold used for congestion level computation: 0.85
Congestion Report
North Dir 1x1 Area, Max Cong = 25.2252%, No Congested Regions.
South Dir 1x1 Area, Max Cong = 12.6126%, No Congested Regions.
East Dir 1x1 Area, Max Cong = 19.1176%, No Congested Regions.
West Dir 1x1 Area, Max Cong = 20.5882%, No Congested Regions.

------------------------------
Reporting congestion hotspots
------------------------------
Direction: North
----------------
Congested clusters found at Level 0
Effective congestion level: 0 Aspect Ratio: 1 Sparse Ratio: 0
Direction: South
----------------
Congested clusters found at Level 0
Effective congestion level: 0 Aspect Ratio: 1 Sparse Ratio: 0
Direction: East
----------------
Congested clusters found at Level 0
Effective congestion level: 0 Aspect Ratio: 1 Sparse Ratio: 0
Direction: West
----------------
Congested clusters found at Level 0
Effective congestion level: 0 Aspect Ratio: 1 Sparse Ratio: 0

Phase 8 Route finalize | Checksum: 1de27e86e

Time (s): cpu = 00:00:10 ; elapsed = 00:00:08 . Memory (MB): peak = 2931.297 ; gain = 55.656 ; free physical = 111214 ; free virtual = 116285

Phase 9 Verifying routed nets

 Verification completed successfully
Phase 9 Verifying routed nets | Checksum: 1de27e86e

Time (s): cpu = 00:00:10 ; elapsed = 00:00:08 . Memory (MB): peak = 2931.297 ; gain = 55.656 ; free physical = 111213 ; free virtual = 116284

Phase 10 Depositing Routes
Phase 10 Depositing Routes | Checksum: 20138ed1c

Time (s): cpu = 00:00:10 ; elapsed = 00:00:08 . Memory (MB): peak = 2931.297 ; gain = 55.656 ; free physical = 111213 ; free virtual = 116284

Phase 11 Post Process Routing
Phase 11 Post Process Routing | Checksum: 20138ed1c

Time (s): cpu = 00:00:10 ; elapsed = 00:00:08 . Memory (MB): peak = 2931.297 ; gain = 55.656 ; free physical = 111213 ; free virtual = 116284
Total Elapsed time in route_design: 7.76 secs

Phase 12 Post-Route Event Processing
Phase 12 Post-Route Event Processing | Checksum: 194e642c0

Time (s): cpu = 00:00:10 ; elapsed = 00:00:08 . Memory (MB): peak = 2931.297 ; gain = 55.656 ; free physical = 111213 ; free virtual = 116284
INFO: [Route 35-16] Router Completed Successfully
Ending Routing Task | Checksum: 194e642c0

Time (s): cpu = 00:00:10 ; elapsed = 00:00:08 . Memory (MB): peak = 2931.297 ; gain = 55.656 ; free physical = 111213 ; free virtual = 116284

Routing Is Done.
INFO: [Common 17-83] Releasing license: Implementation
73 Infos, 61 Warnings, 54 Critical Warnings and 0 Errors encountered.
route_design completed successfully
route_design: Time (s): cpu = 00:00:10 ; elapsed = 00:00:08 . Memory (MB): peak = 2931.297 ; gain = 67.531 ; free physical = 111213 ; free virtual = 116284
INFO: [Vivado 12-24828] Executing command : report_drc -file breadboard_test_drc_routed.rpt -pb breadboard_test_drc_routed.pb -rpx breadboard_test_drc_routed.rpx
Command: report_drc -file breadboard_test_drc_routed.rpt -pb breadboard_test_drc_routed.pb -rpx breadboard_test_drc_routed.rpx
INFO: [IP_Flow 19-1839] IP Catalog is up to date.
INFO: [DRC 23-27] Running DRC with 8 threads
INFO: [Vivado_Tcl 2-168] The results of DRC are in file /home/ndownes/Desktop/xem7001_template/xem7001_template.runs/impl_1/breadboard_test_drc_routed.rpt.
report_drc completed successfully
INFO: [Vivado 12-24828] Executing command : report_methodology -file breadboard_test_methodology_drc_routed.rpt -pb breadboard_test_methodology_drc_routed.pb -rpx breadboard_test_methodology_drc_routed.rpx
Command: report_methodology -file breadboard_test_methodology_drc_routed.rpt -pb breadboard_test_methodology_drc_routed.pb -rpx breadboard_test_methodology_drc_routed.rpx
INFO: [Timing 38-35] Done setting XDC timing constraints.
INFO: [DRC 23-133] Running Methodology with 8 threads
INFO: [Vivado_Tcl 2-1520] The results of Report Methodology are in file /home/ndownes/Desktop/xem7001_template/xem7001_template.runs/impl_1/breadboard_test_methodology_drc_routed.rpt.
report_methodology completed successfully
INFO: [Vivado 12-24828] Executing command : report_timing_summary -max_paths 10 -report_unconstrained -file breadboard_test_timing_summary_routed.rpt -pb breadboard_test_timing_summary_routed.pb -rpx breadboard_test_timing_summary_routed.rpx -warn_on_violation 
INFO: [Timing 38-35] Done setting XDC timing constraints.
INFO: [Timing 38-91] UpdateTimingParams: Speed grade: -1, Delay Type: min_max.
INFO: [Timing 38-191] Multithreading enabled for timing update using a maximum of 8 CPUs
WARNING: [Timing 38-313] There are no user specified timing constraints. Timing constraints are needed for proper timing analysis.
INFO: [Vivado 12-24838] Running report commands "report_bus_skew, report_incremental_reuse, report_route_status" in parallel.
Running report generation with 3 threads.
INFO: [Vivado 12-24828] Executing command : report_incremental_reuse -file breadboard_test_incremental_reuse_routed.rpt
INFO: [Vivado_Tcl 4-1062] Incremental flow is disabled. No incremental reuse Info to report.
INFO: [Vivado 12-24828] Executing command : report_route_status -file breadboard_test_route_status.rpt -pb breadboard_test_route_status.pb
INFO: [Vivado 12-24828] Executing command : report_bus_skew -warn_on_violation -file breadboard_test_bus_skew_routed.rpt -pb breadboard_test_bus_skew_routed.pb -rpx breadboard_test_bus_skew_routed.rpx
INFO: [Timing 38-91] UpdateTimingParams: Speed grade: -1, Delay Type: min_max.
INFO: [Timing 38-191] Multithreading enabled for timing update using a maximum of 8 CPUs
INFO: [Vivado 12-24828] Executing command : report_power -file breadboard_test_power_routed.rpt -pb breadboard_test_power_summary_routed.pb -rpx breadboard_test_power_routed.rpx
Command: report_power -file breadboard_test_power_routed.rpt -pb breadboard_test_power_summary_routed.pb -rpx breadboard_test_power_routed.rpx
WARNING: [Power 33-232] No user defined clocks were found in the design! Power estimation will be inaccurate until this is corrected.
Resolution: Please specify clocks using create_clock/create_generated_clock for sequential elements. For pure combinatorial circuits, please specify a virtual clock, otherwise the vectorless estimation might be inaccurate
Running Vector-less Activity Propagation...

Finished Running Vector-less Activity Propagation
93 Infos, 63 Warnings, 54 Critical Warnings and 0 Errors encountered.
report_power completed successfully
INFO: [Vivado 12-24828] Executing command : report_clock_utilization -file breadboard_test_clock_utilization_routed.rpt
WARNING: [Device 21-9320] Failed to find the Oracle tile group with name 'HSR_BOUNDARY_TOP'. This is required for Clock regions and Virtual grid.
WARNING: [Device 21-2174] Failed to initialize Virtual grid.
INFO: [Timing 38-480] Writing timing data to binary archive.
Write ShapeDB Complete: Time (s): cpu = 00:00:00 ; elapsed = 00:00:00 . Memory (MB): peak = 3046.918 ; gain = 0.000 ; free physical = 111145 ; free virtual = 116216
Wrote PlaceDB: Time (s): cpu = 00:00:00.02 ; elapsed = 00:00:00.01 . Memory (MB): peak = 3046.918 ; gain = 0.000 ; free physical = 111145 ; free virtual = 116216
Wrote PulsedLatchDB: Time (s): cpu = 00:00:00 ; elapsed = 00:00:00 . Memory (MB): peak = 3046.918 ; gain = 0.000 ; free physical = 111145 ; free virtual = 116216
Writing XDEF routing.
Writing XDEF routing logical nets.
Writing XDEF routing special nets.
Wrote RouteStorage: Time (s): cpu = 00:00:00.02 ; elapsed = 00:00:00.01 . Memory (MB): peak = 3046.918 ; gain = 0.000 ; free physical = 111144 ; free virtual = 116215
Wrote Netlist Cache: Time (s): cpu = 00:00:00 ; elapsed = 00:00:00 . Memory (MB): peak = 3046.918 ; gain = 0.000 ; free physical = 111144 ; free virtual = 116215
Wrote Device Cache: Time (s): cpu = 00:00:00.01 ; elapsed = 00:00:00.01 . Memory (MB): peak = 3046.918 ; gain = 0.000 ; free physical = 111144 ; free virtual = 116216
Write Physdb Complete: Time (s): cpu = 00:00:00.05 ; elapsed = 00:00:00.03 . Memory (MB): peak = 3046.918 ; gain = 0.000 ; free physical = 111144 ; free virtual = 116216
INFO: [Common 17-1381] The checkpoint '/home/ndownes/Desktop/xem7001_template/xem7001_template.runs/impl_1/breadboard_test_routed.dcp' has been generated.
Command: write_bitstream -force breadboard_test.bit
Attempting to get a license for feature 'Implementation' and/or device 'xc7a15t'
INFO: [Common 17-349] Got license for feature 'Implementation' and/or device 'xc7a15t'
Running DRC as a precondition to command write_bitstream
INFO: [IP_Flow 19-1839] IP Catalog is up to date.
INFO: [DRC 23-27] Running DRC with 8 threads
WARNING: [DRC CFGBVS-1] Missing CFGBVS and CONFIG_VOLTAGE Design Properties: Neither the CFGBVS nor CONFIG_VOLTAGE voltage property is set in the current_design.  Configuration bank voltage select (CFGBVS) must be set to VCCO or GND, and CONFIG_VOLTAGE must be set to the correct configuration voltage, in order to determine the I/O voltage support for the pins in bank 0.  It is suggested to specify these either using the 'Edit Device Properties' function in the GUI or directly in the XDC file using the following syntax:

 set_property CFGBVS value1 [current_design]
 #where value1 is either VCCO or GND

 set_property CONFIG_VOLTAGE value2 [current_design]
 #where value2 is the voltage provided to configuration bank 0

Refer to the device configuration user guide for more information.
INFO: [Vivado 12-3199] DRC finished with 0 Errors, 1 Warnings
INFO: [Vivado 12-3200] Please refer to the DRC report (report_drc) for more information.
INFO: [Designutils 20-2272] Running write_bitstream with 8 threads.
Loading data files...
Loading site data...
Loading route data...
Processing options...
Creating bitmap...
Creating bitstream...
Bitstream compression saved 14418816 bits.
Writing bitstream ./breadboard_test.bit...
INFO: [Vivado 12-1842] Bitgen Completed Successfully.
INFO: [Project 1-1876] WebTalk data collection is mandatory when using a ULT device. To see the specific WebTalk data collected for your design, open the usage_statistics_webtalk.html or usage_statistics_webtalk.xml file in the implementation directory.
INFO: [Common 17-83] Releasing license: Implementation
105 Infos, 66 Warnings, 54 Critical Warnings and 0 Errors encountered.
write_bitstream completed successfully
INFO: [Common 17-206] Exiting Vivado at Fri Jun 21 21:39:24 2024...

*** Running vivado
    with args -log breadboard_test.vdi -applog -m64 -product Vivado -messageDb vivado.pb -mode batch -source breadboard_test.tcl -notrace


****** Vivado v2024.1 (64-bit)
  **** SW Build 5076996 on Wed May 22 18:36:09 MDT 2024
  **** IP Build 5075265 on Wed May 22 21:45:21 MDT 2024
  **** SharedData Build 5076995 on Wed May 22 18:29:18 MDT 2024
  **** Start of session at: Fri Jun 21 21:48:24 2024
    ** Copyright 1986-2022 Xilinx, Inc. All Rights Reserved.
    ** Copyright 2022-2024 Advanced Micro Devices, Inc. All Rights Reserved.

source breadboard_test.tcl -notrace
Command: open_checkpoint breadboard_test_routed.dcp
INFO: [Device 21-403] Loading part xc7a15tftg256-1
INFO: [Device 21-9227] Part: xc7a15tftg256-1 does not have CEAM library.
Netlist sorting complete. Time (s): cpu = 00:00:00 ; elapsed = 00:00:00 . Memory (MB): peak = 1696.668 ; gain = 0.000 ; free physical = 112296 ; free virtual = 117374
INFO: [Netlist 29-17] Analyzing 7 Unisim elements for replacement
INFO: [Netlist 29-28] Unisim Transformation completed in 0 CPU seconds
INFO: [Project 1-479] Netlist was created with Vivado 2024.1
INFO: [Project 1-570] Preparing netlist for logic optimization
Read ShapeDB Complete: Time (s): cpu = 00:00:00 ; elapsed = 00:00:00 . Memory (MB): peak = 1760.449 ; gain = 1.000 ; free physical = 112214 ; free virtual = 117291
INFO: [Timing 38-478] Restoring timing data from binary archive.
INFO: [Timing 38-479] Binary timing data restore complete.
INFO: [Project 1-856] Restoring constraints from binary archive.
INFO: [Project 1-853] Binary constraint restore complete.
INFO: [Designutils 20-5722] Start Reading Physical Databases.
Reading placement.
Read Netlist Cache: Time (s): cpu = 00:00:00 ; elapsed = 00:00:00 . Memory (MB): peak = 2370.090 ; gain = 0.000 ; free physical = 111702 ; free virtual = 116779
Reading placer database...
Read Device Cache: Time (s): cpu = 00:00:00.01 ; elapsed = 00:00:00 . Memory (MB): peak = 2370.090 ; gain = 0.000 ; free physical = 111702 ; free virtual = 116779
Read PlaceDB: Time (s): cpu = 00:00:00 ; elapsed = 00:00:00 . Memory (MB): peak = 2370.090 ; gain = 0.000 ; free physical = 111702 ; free virtual = 116779
Read PulsedLatchDB: Time (s): cpu = 00:00:00 ; elapsed = 00:00:00 . Memory (MB): peak = 2370.090 ; gain = 0.000 ; free physical = 111702 ; free virtual = 116779
Reading routing.
Read RouteStorage: Time (s): cpu = 00:00:00.01 ; elapsed = 00:00:00.01 . Memory (MB): peak = 2370.090 ; gain = 0.000 ; free physical = 111702 ; free virtual = 116779
Read Physdb Files: Time (s): cpu = 00:00:00.02 ; elapsed = 00:00:00.02 . Memory (MB): peak = 2370.090 ; gain = 0.000 ; free physical = 111702 ; free virtual = 116779
Restored from archive | CPU: 0.050000 secs | Memory: 1.313019 MB |
Finished XDEF File Restore: Time (s): cpu = 00:00:00.04 ; elapsed = 00:00:00.05 . Memory (MB): peak = 2370.090 ; gain = 17.844 ; free physical = 111702 ; free virtual = 116779
Netlist sorting complete. Time (s): cpu = 00:00:00 ; elapsed = 00:00:00 . Memory (MB): peak = 2370.090 ; gain = 0.000 ; free physical = 111702 ; free virtual = 116779
INFO: [Project 1-111] Unisim Transformation Summary:
No Unisim elements were transformed.

INFO: [Project 1-604] Checkpoint was created with Vivado v2024.1 (64-bit) build 5076996
WARNING: [Vivado 12-23575] Critical violations of the methodology design rules detected. Critical violations may contribute to timing failures or cause functional issues in hardware. Run report_methodology for more information.
open_checkpoint: Time (s): cpu = 00:00:11 ; elapsed = 00:00:11 . Memory (MB): peak = 2370.090 ; gain = 1020.391 ; free physical = 111702 ; free virtual = 116779
Command: write_bitstream -force breadboard_test.bit
Attempting to get a license for feature 'Implementation' and/or device 'xc7a15t'
INFO: [Common 17-349] Got license for feature 'Implementation' and/or device 'xc7a15t'
Running DRC as a precondition to command write_bitstream
INFO: [IP_Flow 19-234] Refreshing IP repositories
INFO: [IP_Flow 19-1704] No user IP repositories specified
INFO: [IP_Flow 19-2313] Loaded Vivado IP repository '/opt/Xilinx/Vivado/2024.1/data/ip'.
INFO: [DRC 23-27] Running DRC with 8 threads
WARNING: [DRC CFGBVS-1] Missing CFGBVS and CONFIG_VOLTAGE Design Properties: Neither the CFGBVS nor CONFIG_VOLTAGE voltage property is set in the current_design.  Configuration bank voltage select (CFGBVS) must be set to VCCO or GND, and CONFIG_VOLTAGE must be set to the correct configuration voltage, in order to determine the I/O voltage support for the pins in bank 0.  It is suggested to specify these either using the 'Edit Device Properties' function in the GUI or directly in the XDC file using the following syntax:

 set_property CFGBVS value1 [current_design]
 #where value1 is either VCCO or GND

 set_property CONFIG_VOLTAGE value2 [current_design]
 #where value2 is the voltage provided to configuration bank 0

Refer to the device configuration user guide for more information.
INFO: [Vivado 12-3199] DRC finished with 0 Errors, 1 Warnings
INFO: [Vivado 12-3200] Please refer to the DRC report (report_drc) for more information.
INFO: [Designutils 20-2272] Running write_bitstream with 8 threads.
Loading data files...
Loading site data...
Loading route data...
Processing options...
Creating bitmap...
Creating bitstream...
Bitstream compression saved 14418816 bits.
Writing bitstream ./breadboard_test.bit...
INFO: [Vivado 12-1842] Bitgen Completed Successfully.
INFO: [Project 1-1876] WebTalk data collection is mandatory when using a ULT device. To see the specific WebTalk data collected for your design, open the usage_statistics_webtalk.html or usage_statistics_webtalk.xml file in the implementation directory.
INFO: [Common 17-83] Releasing license: Implementation
24 Infos, 2 Warnings, 0 Critical Warnings and 0 Errors encountered.
write_bitstream completed successfully
INFO: [Common 17-206] Exiting Vivado at Fri Jun 21 21:48:42 2024...

*** Running vivado
    with args -log breadboard_test.vdi -applog -m64 -product Vivado -messageDb vivado.pb -mode batch -source breadboard_test.tcl -notrace


****** Vivado v2024.1 (64-bit)
  **** SW Build 5076996 on Wed May 22 18:36:09 MDT 2024
  **** IP Build 5075265 on Wed May 22 21:45:21 MDT 2024
  **** SharedData Build 5076995 on Wed May 22 18:29:18 MDT 2024
  **** Start of session at: Fri Jun 21 21:48:53 2024
    ** Copyright 1986-2022 Xilinx, Inc. All Rights Reserved.
    ** Copyright 2022-2024 Advanced Micro Devices, Inc. All Rights Reserved.

source breadboard_test.tcl -notrace
Command: open_checkpoint breadboard_test_routed.dcp
INFO: [Device 21-403] Loading part xc7a15tftg256-1
INFO: [Device 21-9227] Part: xc7a15tftg256-1 does not have CEAM library.
Netlist sorting complete. Time (s): cpu = 00:00:00 ; elapsed = 00:00:00.01 . Memory (MB): peak = 1696.668 ; gain = 0.000 ; free physical = 112294 ; free virtual = 117371
INFO: [Netlist 29-17] Analyzing 7 Unisim elements for replacement
INFO: [Netlist 29-28] Unisim Transformation completed in 0 CPU seconds
INFO: [Project 1-479] Netlist was created with Vivado 2024.1
INFO: [Project 1-570] Preparing netlist for logic optimization
Read ShapeDB Complete: Time (s): cpu = 00:00:00.01 ; elapsed = 00:00:00 . Memory (MB): peak = 1760.449 ; gain = 1.000 ; free physical = 112210 ; free virtual = 117287
INFO: [Timing 38-478] Restoring timing data from binary archive.
INFO: [Timing 38-479] Binary timing data restore complete.
INFO: [Project 1-856] Restoring constraints from binary archive.
INFO: [Project 1-853] Binary constraint restore complete.
INFO: [Designutils 20-5722] Start Reading Physical Databases.
Reading placement.
Read Netlist Cache: Time (s): cpu = 00:00:00 ; elapsed = 00:00:00 . Memory (MB): peak = 2370.090 ; gain = 0.000 ; free physical = 111698 ; free virtual = 116775
Reading placer database...
Read Device Cache: Time (s): cpu = 00:00:00 ; elapsed = 00:00:00.01 . Memory (MB): peak = 2370.090 ; gain = 0.000 ; free physical = 111698 ; free virtual = 116775
Read PlaceDB: Time (s): cpu = 00:00:00 ; elapsed = 00:00:00 . Memory (MB): peak = 2370.090 ; gain = 0.000 ; free physical = 111698 ; free virtual = 116775
Read PulsedLatchDB: Time (s): cpu = 00:00:00 ; elapsed = 00:00:00 . Memory (MB): peak = 2370.090 ; gain = 0.000 ; free physical = 111698 ; free virtual = 116775
Reading routing.
Read RouteStorage: Time (s): cpu = 00:00:00 ; elapsed = 00:00:00.01 . Memory (MB): peak = 2370.090 ; gain = 0.000 ; free physical = 111698 ; free virtual = 116775
Read Physdb Files: Time (s): cpu = 00:00:00.01 ; elapsed = 00:00:00.02 . Memory (MB): peak = 2370.090 ; gain = 0.000 ; free physical = 111698 ; free virtual = 116775
Restored from archive | CPU: 0.040000 secs | Memory: 1.312469 MB |
Finished XDEF File Restore: Time (s): cpu = 00:00:00.04 ; elapsed = 00:00:00.05 . Memory (MB): peak = 2370.090 ; gain = 17.844 ; free physical = 111698 ; free virtual = 116775
Netlist sorting complete. Time (s): cpu = 00:00:00 ; elapsed = 00:00:00 . Memory (MB): peak = 2370.090 ; gain = 0.000 ; free physical = 111698 ; free virtual = 116775
INFO: [Project 1-111] Unisim Transformation Summary:
No Unisim elements were transformed.

INFO: [Project 1-604] Checkpoint was created with Vivado v2024.1 (64-bit) build 5076996
WARNING: [Vivado 12-23575] Critical violations of the methodology design rules detected. Critical violations may contribute to timing failures or cause functional issues in hardware. Run report_methodology for more information.
open_checkpoint: Time (s): cpu = 00:00:11 ; elapsed = 00:00:11 . Memory (MB): peak = 2370.090 ; gain = 1020.391 ; free physical = 111698 ; free virtual = 116775
Command: write_bitstream -force breadboard_test.bit
Attempting to get a license for feature 'Implementation' and/or device 'xc7a15t'
INFO: [Common 17-349] Got license for feature 'Implementation' and/or device 'xc7a15t'
Running DRC as a precondition to command write_bitstream
INFO: [IP_Flow 19-234] Refreshing IP repositories
INFO: [IP_Flow 19-1704] No user IP repositories specified
INFO: [IP_Flow 19-2313] Loaded Vivado IP repository '/opt/Xilinx/Vivado/2024.1/data/ip'.
INFO: [DRC 23-27] Running DRC with 8 threads
WARNING: [DRC CFGBVS-1] Missing CFGBVS and CONFIG_VOLTAGE Design Properties: Neither the CFGBVS nor CONFIG_VOLTAGE voltage property is set in the current_design.  Configuration bank voltage select (CFGBVS) must be set to VCCO or GND, and CONFIG_VOLTAGE must be set to the correct configuration voltage, in order to determine the I/O voltage support for the pins in bank 0.  It is suggested to specify these either using the 'Edit Device Properties' function in the GUI or directly in the XDC file using the following syntax:

 set_property CFGBVS value1 [current_design]
 #where value1 is either VCCO or GND

 set_property CONFIG_VOLTAGE value2 [current_design]
 #where value2 is the voltage provided to configuration bank 0

Refer to the device configuration user guide for more information.
INFO: [Vivado 12-3199] DRC finished with 0 Errors, 1 Warnings
INFO: [Vivado 12-3200] Please refer to the DRC report (report_drc) for more information.
INFO: [Designutils 20-2272] Running write_bitstream with 8 threads.
Loading data files...
Loading site data...
Loading route data...
Processing options...
Creating bitmap...
Creating bitstream...
Bitstream compression saved 14418816 bits.
Writing bitstream ./breadboard_test.bit...
INFO: [Vivado 12-1842] Bitgen Completed Successfully.
INFO: [Project 1-1876] WebTalk data collection is mandatory when using a ULT device. To see the specific WebTalk data collected for your design, open the usage_statistics_webtalk.html or usage_statistics_webtalk.xml file in the implementation directory.
INFO: [Common 17-83] Releasing license: Implementation
24 Infos, 2 Warnings, 0 Critical Warnings and 0 Errors encountered.
write_bitstream completed successfully
INFO: [Common 17-206] Exiting Vivado at Fri Jun 21 21:49:11 2024...
