
*** Running vivado
    with args -log breadboard_test.vds -m64 -product Vivado -mode batch -messageDb vivado.pb -notrace -source breadboard_test.tcl



****** Vivado v2024.1 (64-bit)
  **** SW Build 5076996 on Wed May 22 18:37:14 MDT 2024
  **** IP Build 5075265 on Wed May 22 21:45:21 MDT 2024
  **** SharedData Build 5076995 on Wed May 22 18:29:18 MDT 2024
  **** Start of session at: Sat Jun 22 09:29:59 2024
    ** Copyright 1986-2022 Xilinx, Inc. All Rights Reserved.
    ** Copyright 2022-2024 Advanced Micro Devices, Inc. All Rights Reserved.

source breadboard_test.tcl -notrace
create_project: Time (s): cpu = 00:00:01 ; elapsed = 00:00:06 . Memory (MB): peak = 491.523 ; gain = 199.535
Command: read_checkpoint -auto_incremental -incremental C:/Users/PeterHerrmann/Code/HSI/xem7001_template/xem7001_template.srcs/utils_1/imports/synth_1/top_level.dcp
INFO: [Vivado 12-5825] Read reference checkpoint from C:/Users/PeterHerrmann/Code/HSI/xem7001_template/xem7001_template.srcs/utils_1/imports/synth_1/top_level.dcp for incremental synthesis
INFO: [Vivado 12-7989] Please ensure there are no constraint changes
Command: synth_design -top breadboard_test -part xc7a15tftg256-1
Starting synth_design
Attempting to get a license for feature 'Synthesis' and/or device 'xc7a15t'
INFO: [Common 17-349] Got license for feature 'Synthesis' and/or device 'xc7a15t'
INFO: [Device 21-403] Loading part xc7a15tftg256-1
INFO: [Device 21-9227] Part: xc7a15tftg256-1 does not have CEAM library.
INFO: [Designutils 20-5440] No compile time benefit to using incremental synthesis; A full resynthesis will be run
INFO: [Designutils 20-4379] Flow is switching to default flow due to incremental criteria not met. If you would like to alter this behaviour and have the flow terminate instead, please set the following parameter config_implementation {autoIncr.Synth.RejectBehavior Terminate}
INFO: [Synth 8-7079] Multithreading enabled for synth_design using a maximum of 2 processes.
INFO: [Synth 8-7078] Launching helper process for spawning children vivado processes
INFO: [Synth 8-7075] Helper process launched with PID 32388
---------------------------------------------------------------------------------
Starting RTL Elaboration : Time (s): cpu = 00:00:02 ; elapsed = 00:00:05 . Memory (MB): peak = 1346.664 ; gain = 448.926
---------------------------------------------------------------------------------
INFO: [Synth 8-6157] synthesizing module 'breadboard_test' [C:/Users/PeterHerrmann/Code/HSI/xem7001_template/xem7001_template.srcs/sources_1/new/breadboard_test.sv:12]
INFO: [Synth 8-6157] synthesizing module 'keypad_decoder' [C:/Users/PeterHerrmann/Code/HSI/xem7001_template/xem7001_template.srcs/sources_1/new/keypad_decoder.sv:11]
INFO: [Synth 8-6157] synthesizing module 'counter' [C:/Users/PeterHerrmann/Code/HSI/xem7001_template/xem7001_template.srcs/sources_1/new/counter.sv:1]
INFO: [Synth 8-6155] done synthesizing module 'counter' (0#1) [C:/Users/PeterHerrmann/Code/HSI/xem7001_template/xem7001_template.srcs/sources_1/new/counter.sv:1]
INFO: [Synth 8-6155] done synthesizing module 'keypad_decoder' (0#1) [C:/Users/PeterHerrmann/Code/HSI/xem7001_template/xem7001_template.srcs/sources_1/new/keypad_decoder.sv:11]
INFO: [Synth 8-6157] synthesizing module 'led_driver' [C:/Users/PeterHerrmann/Code/HSI/xem7001_template/xem7001_template.srcs/sources_1/new/led_driver.sv:11]
INFO: [Synth 8-6157] synthesizing module 'decoder7seg' [C:/Users/PeterHerrmann/Code/HSI/xem7001_template/xem7001_template.srcs/sources_1/new/decoder7seg.sv:11]
INFO: [Synth 8-6155] done synthesizing module 'decoder7seg' (0#1) [C:/Users/PeterHerrmann/Code/HSI/xem7001_template/xem7001_template.srcs/sources_1/new/decoder7seg.sv:11]
INFO: [Synth 8-6155] done synthesizing module 'led_driver' (0#1) [C:/Users/PeterHerrmann/Code/HSI/xem7001_template/xem7001_template.srcs/sources_1/new/led_driver.sv:11]
INFO: [Synth 8-6157] synthesizing module 'clock_divider' [C:/Users/PeterHerrmann/Code/HSI/xem7001_template/xem7001_template.srcs/sources_1/new/clock_divider.sv:1]
INFO: [Synth 8-6155] done synthesizing module 'clock_divider' (0#1) [C:/Users/PeterHerrmann/Code/HSI/xem7001_template/xem7001_template.srcs/sources_1/new/clock_divider.sv:1]
INFO: [Synth 8-6155] done synthesizing module 'breadboard_test' (0#1) [C:/Users/PeterHerrmann/Code/HSI/xem7001_template/xem7001_template.srcs/sources_1/new/breadboard_test.sv:12]
WARNING: [Synth 8-6014] Unused sequential element cnt_reg was removed.  [C:/Users/PeterHerrmann/Code/HSI/xem7001_template/xem7001_template.srcs/sources_1/new/breadboard_test.sv:54]
WARNING: [Synth 8-7137] Register KeyOut_reg[3] in module breadboard_test has both Set and reset with same priority. This may cause simulation mismatches. Consider rewriting code  [C:/Users/PeterHerrmann/Code/HSI/xem7001_template/xem7001_template.srcs/sources_1/new/breadboard_test.sv:45]
WARNING: [Synth 8-7137] Register KeyOut_reg[2] in module breadboard_test has both Set and reset with same priority. This may cause simulation mismatches. Consider rewriting code  [C:/Users/PeterHerrmann/Code/HSI/xem7001_template/xem7001_template.srcs/sources_1/new/breadboard_test.sv:45]
WARNING: [Synth 8-7137] Register KeyOut_reg[1] in module breadboard_test has both Set and reset with same priority. This may cause simulation mismatches. Consider rewriting code  [C:/Users/PeterHerrmann/Code/HSI/xem7001_template/xem7001_template.srcs/sources_1/new/breadboard_test.sv:45]
WARNING: [Synth 8-7137] Register KeyOut_reg[0] in module breadboard_test has both Set and reset with same priority. This may cause simulation mismatches. Consider rewriting code  [C:/Users/PeterHerrmann/Code/HSI/xem7001_template/xem7001_template.srcs/sources_1/new/breadboard_test.sv:45]
WARNING: [Synth 8-7129] Port btn_test in module breadboard_test is either unconnected or has no load
---------------------------------------------------------------------------------
Finished RTL Elaboration : Time (s): cpu = 00:00:03 ; elapsed = 00:00:07 . Memory (MB): peak = 1455.324 ; gain = 557.586
---------------------------------------------------------------------------------
---------------------------------------------------------------------------------
Start Handling Custom Attributes
---------------------------------------------------------------------------------
---------------------------------------------------------------------------------
Finished Handling Custom Attributes : Time (s): cpu = 00:00:03 ; elapsed = 00:00:07 . Memory (MB): peak = 1455.324 ; gain = 557.586
---------------------------------------------------------------------------------
---------------------------------------------------------------------------------
Finished RTL Optimization Phase 1 : Time (s): cpu = 00:00:03 ; elapsed = 00:00:07 . Memory (MB): peak = 1455.324 ; gain = 557.586
---------------------------------------------------------------------------------
Netlist sorting complete. Time (s): cpu = 00:00:00 ; elapsed = 00:00:00.001 . Memory (MB): peak = 1455.324 ; gain = 0.000
INFO: [Project 1-570] Preparing netlist for logic optimization

Processing XDC Constraints
Initializing timing engine
Parsing XDC File [C:/Users/PeterHerrmann/Code/HSI/xem7001_template/xem7001_template.srcs/constrs_1/new/xem7001.xdc]
WARNING: [Vivado 12-584] No ports matched 'hi_muxsel'. [C:/Users/PeterHerrmann/Code/HSI/xem7001_template/xem7001_template.srcs/constrs_1/new/xem7001.xdc:12]
CRITICAL WARNING: [Common 17-55] 'set_property' expects at least one object. [C:/Users/PeterHerrmann/Code/HSI/xem7001_template/xem7001_template.srcs/constrs_1/new/xem7001.xdc:12]
Resolution: If [get_<value>] was used to populate the object, check to make sure this command returns at least one valid object.
WARNING: [Vivado 12-584] No ports matched 'hi_muxsel'. [C:/Users/PeterHerrmann/Code/HSI/xem7001_template/xem7001_template.srcs/constrs_1/new/xem7001.xdc:13]
CRITICAL WARNING: [Common 17-55] 'set_property' expects at least one object. [C:/Users/PeterHerrmann/Code/HSI/xem7001_template/xem7001_template.srcs/constrs_1/new/xem7001.xdc:13]
Resolution: If [get_<value>] was used to populate the object, check to make sure this command returns at least one valid object.
WARNING: [Vivado 12-584] No ports matched 'hi_in[0]'. [C:/Users/PeterHerrmann/Code/HSI/xem7001_template/xem7001_template.srcs/constrs_1/new/xem7001.xdc:18]
CRITICAL WARNING: [Common 17-55] 'set_property' expects at least one object. [C:/Users/PeterHerrmann/Code/HSI/xem7001_template/xem7001_template.srcs/constrs_1/new/xem7001.xdc:18]
Resolution: If [get_<value>] was used to populate the object, check to make sure this command returns at least one valid object.
WARNING: [Vivado 12-584] No ports matched 'hi_in[1]'. [C:/Users/PeterHerrmann/Code/HSI/xem7001_template/xem7001_template.srcs/constrs_1/new/xem7001.xdc:19]
CRITICAL WARNING: [Common 17-55] 'set_property' expects at least one object. [C:/Users/PeterHerrmann/Code/HSI/xem7001_template/xem7001_template.srcs/constrs_1/new/xem7001.xdc:19]
Resolution: If [get_<value>] was used to populate the object, check to make sure this command returns at least one valid object.
WARNING: [Vivado 12-584] No ports matched 'hi_in[2]'. [C:/Users/PeterHerrmann/Code/HSI/xem7001_template/xem7001_template.srcs/constrs_1/new/xem7001.xdc:20]
CRITICAL WARNING: [Common 17-55] 'set_property' expects at least one object. [C:/Users/PeterHerrmann/Code/HSI/xem7001_template/xem7001_template.srcs/constrs_1/new/xem7001.xdc:20]
Resolution: If [get_<value>] was used to populate the object, check to make sure this command returns at least one valid object.
WARNING: [Vivado 12-584] No ports matched 'hi_in[3]'. [C:/Users/PeterHerrmann/Code/HSI/xem7001_template/xem7001_template.srcs/constrs_1/new/xem7001.xdc:21]
CRITICAL WARNING: [Common 17-55] 'set_property' expects at least one object. [C:/Users/PeterHerrmann/Code/HSI/xem7001_template/xem7001_template.srcs/constrs_1/new/xem7001.xdc:21]
Resolution: If [get_<value>] was used to populate the object, check to make sure this command returns at least one valid object.
WARNING: [Vivado 12-584] No ports matched 'hi_in[4]'. [C:/Users/PeterHerrmann/Code/HSI/xem7001_template/xem7001_template.srcs/constrs_1/new/xem7001.xdc:22]
CRITICAL WARNING: [Common 17-55] 'set_property' expects at least one object. [C:/Users/PeterHerrmann/Code/HSI/xem7001_template/xem7001_template.srcs/constrs_1/new/xem7001.xdc:22]
Resolution: If [get_<value>] was used to populate the object, check to make sure this command returns at least one valid object.
WARNING: [Vivado 12-584] No ports matched 'hi_in[5]'. [C:/Users/PeterHerrmann/Code/HSI/xem7001_template/xem7001_template.srcs/constrs_1/new/xem7001.xdc:23]
CRITICAL WARNING: [Common 17-55] 'set_property' expects at least one object. [C:/Users/PeterHerrmann/Code/HSI/xem7001_template/xem7001_template.srcs/constrs_1/new/xem7001.xdc:23]
Resolution: If [get_<value>] was used to populate the object, check to make sure this command returns at least one valid object.
WARNING: [Vivado 12-584] No ports matched 'hi_in[6]'. [C:/Users/PeterHerrmann/Code/HSI/xem7001_template/xem7001_template.srcs/constrs_1/new/xem7001.xdc:24]
CRITICAL WARNING: [Common 17-55] 'set_property' expects at least one object. [C:/Users/PeterHerrmann/Code/HSI/xem7001_template/xem7001_template.srcs/constrs_1/new/xem7001.xdc:24]
Resolution: If [get_<value>] was used to populate the object, check to make sure this command returns at least one valid object.
WARNING: [Vivado 12-584] No ports matched 'hi_in[7]'. [C:/Users/PeterHerrmann/Code/HSI/xem7001_template/xem7001_template.srcs/constrs_1/new/xem7001.xdc:25]
CRITICAL WARNING: [Common 17-55] 'set_property' expects at least one object. [C:/Users/PeterHerrmann/Code/HSI/xem7001_template/xem7001_template.srcs/constrs_1/new/xem7001.xdc:25]
Resolution: If [get_<value>] was used to populate the object, check to make sure this command returns at least one valid object.
WARNING: [Vivado 12-584] No ports matched 'hi_in[*]'. [C:/Users/PeterHerrmann/Code/HSI/xem7001_template/xem7001_template.srcs/constrs_1/new/xem7001.xdc:27]
CRITICAL WARNING: [Common 17-55] 'set_property' expects at least one object. [C:/Users/PeterHerrmann/Code/HSI/xem7001_template/xem7001_template.srcs/constrs_1/new/xem7001.xdc:27]
Resolution: If [get_<value>] was used to populate the object, check to make sure this command returns at least one valid object.
WARNING: [Vivado 12-584] No ports matched 'hi_in[*]'. [C:/Users/PeterHerrmann/Code/HSI/xem7001_template/xem7001_template.srcs/constrs_1/new/xem7001.xdc:28]
CRITICAL WARNING: [Common 17-55] 'set_property' expects at least one object. [C:/Users/PeterHerrmann/Code/HSI/xem7001_template/xem7001_template.srcs/constrs_1/new/xem7001.xdc:28]
Resolution: If [get_<value>] was used to populate the object, check to make sure this command returns at least one valid object.
WARNING: [Vivado 12-584] No ports matched 'hi_out[0]'. [C:/Users/PeterHerrmann/Code/HSI/xem7001_template/xem7001_template.srcs/constrs_1/new/xem7001.xdc:30]
CRITICAL WARNING: [Common 17-55] 'set_property' expects at least one object. [C:/Users/PeterHerrmann/Code/HSI/xem7001_template/xem7001_template.srcs/constrs_1/new/xem7001.xdc:30]
Resolution: If [get_<value>] was used to populate the object, check to make sure this command returns at least one valid object.
WARNING: [Vivado 12-584] No ports matched 'hi_out[1]'. [C:/Users/PeterHerrmann/Code/HSI/xem7001_template/xem7001_template.srcs/constrs_1/new/xem7001.xdc:31]
CRITICAL WARNING: [Common 17-55] 'set_property' expects at least one object. [C:/Users/PeterHerrmann/Code/HSI/xem7001_template/xem7001_template.srcs/constrs_1/new/xem7001.xdc:31]
Resolution: If [get_<value>] was used to populate the object, check to make sure this command returns at least one valid object.
WARNING: [Vivado 12-584] No ports matched 'hi_out[*]'. [C:/Users/PeterHerrmann/Code/HSI/xem7001_template/xem7001_template.srcs/constrs_1/new/xem7001.xdc:32]
CRITICAL WARNING: [Common 17-55] 'set_property' expects at least one object. [C:/Users/PeterHerrmann/Code/HSI/xem7001_template/xem7001_template.srcs/constrs_1/new/xem7001.xdc:32]
Resolution: If [get_<value>] was used to populate the object, check to make sure this command returns at least one valid object.
WARNING: [Vivado 12-584] No ports matched 'hi_inout[0]'. [C:/Users/PeterHerrmann/Code/HSI/xem7001_template/xem7001_template.srcs/constrs_1/new/xem7001.xdc:34]
CRITICAL WARNING: [Common 17-55] 'set_property' expects at least one object. [C:/Users/PeterHerrmann/Code/HSI/xem7001_template/xem7001_template.srcs/constrs_1/new/xem7001.xdc:34]
Resolution: If [get_<value>] was used to populate the object, check to make sure this command returns at least one valid object.
WARNING: [Vivado 12-584] No ports matched 'hi_inout[1]'. [C:/Users/PeterHerrmann/Code/HSI/xem7001_template/xem7001_template.srcs/constrs_1/new/xem7001.xdc:35]
CRITICAL WARNING: [Common 17-55] 'set_property' expects at least one object. [C:/Users/PeterHerrmann/Code/HSI/xem7001_template/xem7001_template.srcs/constrs_1/new/xem7001.xdc:35]
Resolution: If [get_<value>] was used to populate the object, check to make sure this command returns at least one valid object.
WARNING: [Vivado 12-584] No ports matched 'hi_inout[2]'. [C:/Users/PeterHerrmann/Code/HSI/xem7001_template/xem7001_template.srcs/constrs_1/new/xem7001.xdc:36]
CRITICAL WARNING: [Common 17-55] 'set_property' expects at least one object. [C:/Users/PeterHerrmann/Code/HSI/xem7001_template/xem7001_template.srcs/constrs_1/new/xem7001.xdc:36]
Resolution: If [get_<value>] was used to populate the object, check to make sure this command returns at least one valid object.
WARNING: [Vivado 12-584] No ports matched 'hi_inout[3]'. [C:/Users/PeterHerrmann/Code/HSI/xem7001_template/xem7001_template.srcs/constrs_1/new/xem7001.xdc:37]
CRITICAL WARNING: [Common 17-55] 'set_property' expects at least one object. [C:/Users/PeterHerrmann/Code/HSI/xem7001_template/xem7001_template.srcs/constrs_1/new/xem7001.xdc:37]
Resolution: If [get_<value>] was used to populate the object, check to make sure this command returns at least one valid object.
WARNING: [Vivado 12-584] No ports matched 'hi_inout[4]'. [C:/Users/PeterHerrmann/Code/HSI/xem7001_template/xem7001_template.srcs/constrs_1/new/xem7001.xdc:38]
CRITICAL WARNING: [Common 17-55] 'set_property' expects at least one object. [C:/Users/PeterHerrmann/Code/HSI/xem7001_template/xem7001_template.srcs/constrs_1/new/xem7001.xdc:38]
Resolution: If [get_<value>] was used to populate the object, check to make sure this command returns at least one valid object.
WARNING: [Vivado 12-584] No ports matched 'hi_inout[5]'. [C:/Users/PeterHerrmann/Code/HSI/xem7001_template/xem7001_template.srcs/constrs_1/new/xem7001.xdc:39]
CRITICAL WARNING: [Common 17-55] 'set_property' expects at least one object. [C:/Users/PeterHerrmann/Code/HSI/xem7001_template/xem7001_template.srcs/constrs_1/new/xem7001.xdc:39]
Resolution: If [get_<value>] was used to populate the object, check to make sure this command returns at least one valid object.
WARNING: [Vivado 12-584] No ports matched 'hi_inout[6]'. [C:/Users/PeterHerrmann/Code/HSI/xem7001_template/xem7001_template.srcs/constrs_1/new/xem7001.xdc:40]
CRITICAL WARNING: [Common 17-55] 'set_property' expects at least one object. [C:/Users/PeterHerrmann/Code/HSI/xem7001_template/xem7001_template.srcs/constrs_1/new/xem7001.xdc:40]
Resolution: If [get_<value>] was used to populate the object, check to make sure this command returns at least one valid object.
WARNING: [Vivado 12-584] No ports matched 'hi_inout[7]'. [C:/Users/PeterHerrmann/Code/HSI/xem7001_template/xem7001_template.srcs/constrs_1/new/xem7001.xdc:41]
CRITICAL WARNING: [Common 17-55] 'set_property' expects at least one object. [C:/Users/PeterHerrmann/Code/HSI/xem7001_template/xem7001_template.srcs/constrs_1/new/xem7001.xdc:41]
Resolution: If [get_<value>] was used to populate the object, check to make sure this command returns at least one valid object.
WARNING: [Vivado 12-584] No ports matched 'hi_inout[8]'. [C:/Users/PeterHerrmann/Code/HSI/xem7001_template/xem7001_template.srcs/constrs_1/new/xem7001.xdc:42]
CRITICAL WARNING: [Common 17-55] 'set_property' expects at least one object. [C:/Users/PeterHerrmann/Code/HSI/xem7001_template/xem7001_template.srcs/constrs_1/new/xem7001.xdc:42]
Resolution: If [get_<value>] was used to populate the object, check to make sure this command returns at least one valid object.
WARNING: [Vivado 12-584] No ports matched 'hi_inout[9]'. [C:/Users/PeterHerrmann/Code/HSI/xem7001_template/xem7001_template.srcs/constrs_1/new/xem7001.xdc:43]
CRITICAL WARNING: [Common 17-55] 'set_property' expects at least one object. [C:/Users/PeterHerrmann/Code/HSI/xem7001_template/xem7001_template.srcs/constrs_1/new/xem7001.xdc:43]
Resolution: If [get_<value>] was used to populate the object, check to make sure this command returns at least one valid object.
WARNING: [Vivado 12-584] No ports matched 'hi_inout[10]'. [C:/Users/PeterHerrmann/Code/HSI/xem7001_template/xem7001_template.srcs/constrs_1/new/xem7001.xdc:44]
CRITICAL WARNING: [Common 17-55] 'set_property' expects at least one object. [C:/Users/PeterHerrmann/Code/HSI/xem7001_template/xem7001_template.srcs/constrs_1/new/xem7001.xdc:44]
Resolution: If [get_<value>] was used to populate the object, check to make sure this command returns at least one valid object.
WARNING: [Vivado 12-584] No ports matched 'hi_inout[11]'. [C:/Users/PeterHerrmann/Code/HSI/xem7001_template/xem7001_template.srcs/constrs_1/new/xem7001.xdc:45]
CRITICAL WARNING: [Common 17-55] 'set_property' expects at least one object. [C:/Users/PeterHerrmann/Code/HSI/xem7001_template/xem7001_template.srcs/constrs_1/new/xem7001.xdc:45]
Resolution: If [get_<value>] was used to populate the object, check to make sure this command returns at least one valid object.
WARNING: [Vivado 12-584] No ports matched 'hi_inout[12]'. [C:/Users/PeterHerrmann/Code/HSI/xem7001_template/xem7001_template.srcs/constrs_1/new/xem7001.xdc:46]
CRITICAL WARNING: [Common 17-55] 'set_property' expects at least one object. [C:/Users/PeterHerrmann/Code/HSI/xem7001_template/xem7001_template.srcs/constrs_1/new/xem7001.xdc:46]
Resolution: If [get_<value>] was used to populate the object, check to make sure this command returns at least one valid object.
WARNING: [Vivado 12-584] No ports matched 'hi_inout[13]'. [C:/Users/PeterHerrmann/Code/HSI/xem7001_template/xem7001_template.srcs/constrs_1/new/xem7001.xdc:47]
CRITICAL WARNING: [Common 17-55] 'set_property' expects at least one object. [C:/Users/PeterHerrmann/Code/HSI/xem7001_template/xem7001_template.srcs/constrs_1/new/xem7001.xdc:47]
Resolution: If [get_<value>] was used to populate the object, check to make sure this command returns at least one valid object.
WARNING: [Vivado 12-584] No ports matched 'hi_inout[14]'. [C:/Users/PeterHerrmann/Code/HSI/xem7001_template/xem7001_template.srcs/constrs_1/new/xem7001.xdc:48]
CRITICAL WARNING: [Common 17-55] 'set_property' expects at least one object. [C:/Users/PeterHerrmann/Code/HSI/xem7001_template/xem7001_template.srcs/constrs_1/new/xem7001.xdc:48]
Resolution: If [get_<value>] was used to populate the object, check to make sure this command returns at least one valid object.
WARNING: [Vivado 12-584] No ports matched 'hi_inout[15]'. [C:/Users/PeterHerrmann/Code/HSI/xem7001_template/xem7001_template.srcs/constrs_1/new/xem7001.xdc:49]
CRITICAL WARNING: [Common 17-55] 'set_property' expects at least one object. [C:/Users/PeterHerrmann/Code/HSI/xem7001_template/xem7001_template.srcs/constrs_1/new/xem7001.xdc:49]
Resolution: If [get_<value>] was used to populate the object, check to make sure this command returns at least one valid object.
WARNING: [Vivado 12-584] No ports matched 'hi_inout[*]'. [C:/Users/PeterHerrmann/Code/HSI/xem7001_template/xem7001_template.srcs/constrs_1/new/xem7001.xdc:50]
CRITICAL WARNING: [Common 17-55] 'set_property' expects at least one object. [C:/Users/PeterHerrmann/Code/HSI/xem7001_template/xem7001_template.srcs/constrs_1/new/xem7001.xdc:50]
Resolution: If [get_<value>] was used to populate the object, check to make sure this command returns at least one valid object.
WARNING: [Vivado 12-584] No ports matched 'hi_aa'. [C:/Users/PeterHerrmann/Code/HSI/xem7001_template/xem7001_template.srcs/constrs_1/new/xem7001.xdc:52]
CRITICAL WARNING: [Common 17-55] 'set_property' expects at least one object. [C:/Users/PeterHerrmann/Code/HSI/xem7001_template/xem7001_template.srcs/constrs_1/new/xem7001.xdc:52]
Resolution: If [get_<value>] was used to populate the object, check to make sure this command returns at least one valid object.
WARNING: [Vivado 12-584] No ports matched 'hi_aa'. [C:/Users/PeterHerrmann/Code/HSI/xem7001_template/xem7001_template.srcs/constrs_1/new/xem7001.xdc:53]
CRITICAL WARNING: [Common 17-55] 'set_property' expects at least one object. [C:/Users/PeterHerrmann/Code/HSI/xem7001_template/xem7001_template.srcs/constrs_1/new/xem7001.xdc:53]
Resolution: If [get_<value>] was used to populate the object, check to make sure this command returns at least one valid object.
WARNING: [Vivado 12-584] No ports matched 'hi_in[0]'. [C:/Users/PeterHerrmann/Code/HSI/xem7001_template/xem7001_template.srcs/constrs_1/new/xem7001.xdc:56]
CRITICAL WARNING: [Vivado 12-4739] create_clock:No valid object(s) found for '-objects [get_ports {hi_in[0]}]'. [C:/Users/PeterHerrmann/Code/HSI/xem7001_template/xem7001_template.srcs/constrs_1/new/xem7001.xdc:56]
Resolution: Check if the specified object(s) exists in the current design. If it does, ensure that the correct design hierarchy was specified for the object. If you are working with clocks, make sure create_clock was used to create the clock object before it is referenced.
WARNING: [Vivado 12-627] No clocks matched 'okHostClk'. [C:/Users/PeterHerrmann/Code/HSI/xem7001_template/xem7001_template.srcs/constrs_1/new/xem7001.xdc:58]
INFO: [Vivado 12-626] No clocks found. Please use 'create_clock' or 'create_generated_clock' command to create clocks. [C:/Users/PeterHerrmann/Code/HSI/xem7001_template/xem7001_template.srcs/constrs_1/new/xem7001.xdc:58]
WARNING: [Vivado 12-584] No ports matched 'hi_inout[*]'. [C:/Users/PeterHerrmann/Code/HSI/xem7001_template/xem7001_template.srcs/constrs_1/new/xem7001.xdc:58]
CRITICAL WARNING: [Vivado 12-4739] set_input_delay:No valid object(s) found for '-objects [get_ports {hi_inout[*]}]'. [C:/Users/PeterHerrmann/Code/HSI/xem7001_template/xem7001_template.srcs/constrs_1/new/xem7001.xdc:58]
Resolution: Check if the specified object(s) exists in the current design. If it does, ensure that the correct design hierarchy was specified for the object. If you are working with clocks, make sure create_clock was used to create the clock object before it is referenced.
WARNING: [Vivado 12-627] No clocks matched 'okHostClk'. [C:/Users/PeterHerrmann/Code/HSI/xem7001_template/xem7001_template.srcs/constrs_1/new/xem7001.xdc:59]
INFO: [Vivado 12-626] No clocks found. Please use 'create_clock' or 'create_generated_clock' command to create clocks. [C:/Users/PeterHerrmann/Code/HSI/xem7001_template/xem7001_template.srcs/constrs_1/new/xem7001.xdc:59]
WARNING: [Vivado 12-584] No ports matched 'hi_inout[*]'. [C:/Users/PeterHerrmann/Code/HSI/xem7001_template/xem7001_template.srcs/constrs_1/new/xem7001.xdc:59]
CRITICAL WARNING: [Vivado 12-4739] set_input_delay:No valid object(s) found for '-objects [get_ports {hi_inout[*]}]'. [C:/Users/PeterHerrmann/Code/HSI/xem7001_template/xem7001_template.srcs/constrs_1/new/xem7001.xdc:59]
Resolution: Check if the specified object(s) exists in the current design. If it does, ensure that the correct design hierarchy was specified for the object. If you are working with clocks, make sure create_clock was used to create the clock object before it is referenced.
WARNING: [Vivado 12-584] No ports matched 'hi_inout[*]'. [C:/Users/PeterHerrmann/Code/HSI/xem7001_template/xem7001_template.srcs/constrs_1/new/xem7001.xdc:60]
CRITICAL WARNING: [Vivado 12-4739] set_multicycle_path:No valid object(s) found for '-from [get_ports {hi_inout[*]}]'. [C:/Users/PeterHerrmann/Code/HSI/xem7001_template/xem7001_template.srcs/constrs_1/new/xem7001.xdc:60]
Resolution: Check if the specified object(s) exists in the current design. If it does, ensure that the correct design hierarchy was specified for the object. If you are working with clocks, make sure create_clock was used to create the clock object before it is referenced.
WARNING: [Vivado 12-627] No clocks matched 'okHostClk'. [C:/Users/PeterHerrmann/Code/HSI/xem7001_template/xem7001_template.srcs/constrs_1/new/xem7001.xdc:62]
INFO: [Vivado 12-626] No clocks found. Please use 'create_clock' or 'create_generated_clock' command to create clocks. [C:/Users/PeterHerrmann/Code/HSI/xem7001_template/xem7001_template.srcs/constrs_1/new/xem7001.xdc:62]
WARNING: [Vivado 12-584] No ports matched 'hi_in[*]'. [C:/Users/PeterHerrmann/Code/HSI/xem7001_template/xem7001_template.srcs/constrs_1/new/xem7001.xdc:62]
CRITICAL WARNING: [Vivado 12-4739] set_input_delay:No valid object(s) found for '-objects [get_ports {hi_in[*]}]'. [C:/Users/PeterHerrmann/Code/HSI/xem7001_template/xem7001_template.srcs/constrs_1/new/xem7001.xdc:62]
Resolution: Check if the specified object(s) exists in the current design. If it does, ensure that the correct design hierarchy was specified for the object. If you are working with clocks, make sure create_clock was used to create the clock object before it is referenced.
WARNING: [Vivado 12-627] No clocks matched 'okHostClk'. [C:/Users/PeterHerrmann/Code/HSI/xem7001_template/xem7001_template.srcs/constrs_1/new/xem7001.xdc:63]
INFO: [Vivado 12-626] No clocks found. Please use 'create_clock' or 'create_generated_clock' command to create clocks. [C:/Users/PeterHerrmann/Code/HSI/xem7001_template/xem7001_template.srcs/constrs_1/new/xem7001.xdc:63]
WARNING: [Vivado 12-584] No ports matched 'hi_in[*]'. [C:/Users/PeterHerrmann/Code/HSI/xem7001_template/xem7001_template.srcs/constrs_1/new/xem7001.xdc:63]
CRITICAL WARNING: [Vivado 12-4739] set_input_delay:No valid object(s) found for '-objects [get_ports {hi_in[*]}]'. [C:/Users/PeterHerrmann/Code/HSI/xem7001_template/xem7001_template.srcs/constrs_1/new/xem7001.xdc:63]
Resolution: Check if the specified object(s) exists in the current design. If it does, ensure that the correct design hierarchy was specified for the object. If you are working with clocks, make sure create_clock was used to create the clock object before it is referenced.
WARNING: [Vivado 12-584] No ports matched 'hi_in[*]'. [C:/Users/PeterHerrmann/Code/HSI/xem7001_template/xem7001_template.srcs/constrs_1/new/xem7001.xdc:64]
CRITICAL WARNING: [Vivado 12-4739] set_multicycle_path:No valid object(s) found for '-from [get_ports {hi_in[*]}]'. [C:/Users/PeterHerrmann/Code/HSI/xem7001_template/xem7001_template.srcs/constrs_1/new/xem7001.xdc:64]
Resolution: Check if the specified object(s) exists in the current design. If it does, ensure that the correct design hierarchy was specified for the object. If you are working with clocks, make sure create_clock was used to create the clock object before it is referenced.
WARNING: [Vivado 12-627] No clocks matched 'okHostClk'. [C:/Users/PeterHerrmann/Code/HSI/xem7001_template/xem7001_template.srcs/constrs_1/new/xem7001.xdc:66]
INFO: [Vivado 12-626] No clocks found. Please use 'create_clock' or 'create_generated_clock' command to create clocks. [C:/Users/PeterHerrmann/Code/HSI/xem7001_template/xem7001_template.srcs/constrs_1/new/xem7001.xdc:66]
WARNING: [Vivado 12-584] No ports matched 'hi_out[*]'. [C:/Users/PeterHerrmann/Code/HSI/xem7001_template/xem7001_template.srcs/constrs_1/new/xem7001.xdc:66]
CRITICAL WARNING: [Vivado 12-4739] set_output_delay:No valid object(s) found for '-objects [get_ports {hi_out[*]}]'. [C:/Users/PeterHerrmann/Code/HSI/xem7001_template/xem7001_template.srcs/constrs_1/new/xem7001.xdc:66]
Resolution: Check if the specified object(s) exists in the current design. If it does, ensure that the correct design hierarchy was specified for the object. If you are working with clocks, make sure create_clock was used to create the clock object before it is referenced.
WARNING: [Vivado 12-627] No clocks matched 'okHostClk'. [C:/Users/PeterHerrmann/Code/HSI/xem7001_template/xem7001_template.srcs/constrs_1/new/xem7001.xdc:68]
INFO: [Vivado 12-626] No clocks found. Please use 'create_clock' or 'create_generated_clock' command to create clocks. [C:/Users/PeterHerrmann/Code/HSI/xem7001_template/xem7001_template.srcs/constrs_1/new/xem7001.xdc:68]
WARNING: [Vivado 12-584] No ports matched 'hi_inout[*]'. [C:/Users/PeterHerrmann/Code/HSI/xem7001_template/xem7001_template.srcs/constrs_1/new/xem7001.xdc:68]
CRITICAL WARNING: [Vivado 12-4739] set_output_delay:No valid object(s) found for '-objects [get_ports {hi_inout[*]}]'. [C:/Users/PeterHerrmann/Code/HSI/xem7001_template/xem7001_template.srcs/constrs_1/new/xem7001.xdc:68]
Resolution: Check if the specified object(s) exists in the current design. If it does, ensure that the correct design hierarchy was specified for the object. If you are working with clocks, make sure create_clock was used to create the clock object before it is referenced.
WARNING: [Vivado 12-584] No ports matched 'trigger'. [C:/Users/PeterHerrmann/Code/HSI/xem7001_template/xem7001_template.srcs/constrs_1/new/xem7001.xdc:151]
CRITICAL WARNING: [Common 17-55] 'set_property' expects at least one object. [C:/Users/PeterHerrmann/Code/HSI/xem7001_template/xem7001_template.srcs/constrs_1/new/xem7001.xdc:151]
Resolution: If [get_<value>] was used to populate the object, check to make sure this command returns at least one valid object.
WARNING: [Vivado 12-584] No ports matched 'trigger'. [C:/Users/PeterHerrmann/Code/HSI/xem7001_template/xem7001_template.srcs/constrs_1/new/xem7001.xdc:152]
CRITICAL WARNING: [Common 17-55] 'set_property' expects at least one object. [C:/Users/PeterHerrmann/Code/HSI/xem7001_template/xem7001_template.srcs/constrs_1/new/xem7001.xdc:152]
Resolution: If [get_<value>] was used to populate the object, check to make sure this command returns at least one valid object.
WARNING: [Vivado 12-584] No ports matched 'led[0]'. [C:/Users/PeterHerrmann/Code/HSI/xem7001_template/xem7001_template.srcs/constrs_1/new/xem7001.xdc:155]
CRITICAL WARNING: [Common 17-55] 'set_property' expects at least one object. [C:/Users/PeterHerrmann/Code/HSI/xem7001_template/xem7001_template.srcs/constrs_1/new/xem7001.xdc:155]
Resolution: If [get_<value>] was used to populate the object, check to make sure this command returns at least one valid object.
WARNING: [Vivado 12-584] No ports matched 'led[1]'. [C:/Users/PeterHerrmann/Code/HSI/xem7001_template/xem7001_template.srcs/constrs_1/new/xem7001.xdc:156]
CRITICAL WARNING: [Common 17-55] 'set_property' expects at least one object. [C:/Users/PeterHerrmann/Code/HSI/xem7001_template/xem7001_template.srcs/constrs_1/new/xem7001.xdc:156]
Resolution: If [get_<value>] was used to populate the object, check to make sure this command returns at least one valid object.
WARNING: [Vivado 12-584] No ports matched 'led[2]'. [C:/Users/PeterHerrmann/Code/HSI/xem7001_template/xem7001_template.srcs/constrs_1/new/xem7001.xdc:157]
CRITICAL WARNING: [Common 17-55] 'set_property' expects at least one object. [C:/Users/PeterHerrmann/Code/HSI/xem7001_template/xem7001_template.srcs/constrs_1/new/xem7001.xdc:157]
Resolution: If [get_<value>] was used to populate the object, check to make sure this command returns at least one valid object.
WARNING: [Vivado 12-584] No ports matched 'led[3]'. [C:/Users/PeterHerrmann/Code/HSI/xem7001_template/xem7001_template.srcs/constrs_1/new/xem7001.xdc:158]
CRITICAL WARNING: [Common 17-55] 'set_property' expects at least one object. [C:/Users/PeterHerrmann/Code/HSI/xem7001_template/xem7001_template.srcs/constrs_1/new/xem7001.xdc:158]
Resolution: If [get_<value>] was used to populate the object, check to make sure this command returns at least one valid object.
WARNING: [Vivado 12-584] No ports matched 'led[4]'. [C:/Users/PeterHerrmann/Code/HSI/xem7001_template/xem7001_template.srcs/constrs_1/new/xem7001.xdc:159]
CRITICAL WARNING: [Common 17-55] 'set_property' expects at least one object. [C:/Users/PeterHerrmann/Code/HSI/xem7001_template/xem7001_template.srcs/constrs_1/new/xem7001.xdc:159]
Resolution: If [get_<value>] was used to populate the object, check to make sure this command returns at least one valid object.
WARNING: [Vivado 12-584] No ports matched 'led[5]'. [C:/Users/PeterHerrmann/Code/HSI/xem7001_template/xem7001_template.srcs/constrs_1/new/xem7001.xdc:160]
CRITICAL WARNING: [Common 17-55] 'set_property' expects at least one object. [C:/Users/PeterHerrmann/Code/HSI/xem7001_template/xem7001_template.srcs/constrs_1/new/xem7001.xdc:160]
Resolution: If [get_<value>] was used to populate the object, check to make sure this command returns at least one valid object.
WARNING: [Vivado 12-584] No ports matched 'led[6]'. [C:/Users/PeterHerrmann/Code/HSI/xem7001_template/xem7001_template.srcs/constrs_1/new/xem7001.xdc:161]
CRITICAL WARNING: [Common 17-55] 'set_property' expects at least one object. [C:/Users/PeterHerrmann/Code/HSI/xem7001_template/xem7001_template.srcs/constrs_1/new/xem7001.xdc:161]
Resolution: If [get_<value>] was used to populate the object, check to make sure this command returns at least one valid object.
WARNING: [Vivado 12-584] No ports matched 'led[7]'. [C:/Users/PeterHerrmann/Code/HSI/xem7001_template/xem7001_template.srcs/constrs_1/new/xem7001.xdc:162]
CRITICAL WARNING: [Common 17-55] 'set_property' expects at least one object. [C:/Users/PeterHerrmann/Code/HSI/xem7001_template/xem7001_template.srcs/constrs_1/new/xem7001.xdc:162]
Resolution: If [get_<value>] was used to populate the object, check to make sure this command returns at least one valid object.
WARNING: [Vivado 12-584] No ports matched 'led[*]'. [C:/Users/PeterHerrmann/Code/HSI/xem7001_template/xem7001_template.srcs/constrs_1/new/xem7001.xdc:163]
CRITICAL WARNING: [Common 17-55] 'set_property' expects at least one object. [C:/Users/PeterHerrmann/Code/HSI/xem7001_template/xem7001_template.srcs/constrs_1/new/xem7001.xdc:163]
Resolution: If [get_<value>] was used to populate the object, check to make sure this command returns at least one valid object.
Finished Parsing XDC File [C:/Users/PeterHerrmann/Code/HSI/xem7001_template/xem7001_template.srcs/constrs_1/new/xem7001.xdc]
INFO: [Project 1-236] Implementation specific constraints were found while reading constraint file [C:/Users/PeterHerrmann/Code/HSI/xem7001_template/xem7001_template.srcs/constrs_1/new/xem7001.xdc]. These constraints will be ignored for synthesis but will be used in implementation. Impacted constraints are listed in the file [.Xil/breadboard_test_propImpl.xdc].
Resolution: To avoid this warning, move constraints listed in [.Xil/breadboard_test_propImpl.xdc] to another XDC file and exclude this new file from synthesis with the used_in_synthesis property (File Properties dialog in GUI) and re-run elaboration/synthesis.
Completed Processing XDC Constraints

Netlist sorting complete. Time (s): cpu = 00:00:00 ; elapsed = 00:00:00 . Memory (MB): peak = 1555.000 ; gain = 0.000
INFO: [Project 1-111] Unisim Transformation Summary:
No Unisim elements were transformed.

Constraint Validation Runtime : Time (s): cpu = 00:00:00 ; elapsed = 00:00:00.003 . Memory (MB): peak = 1555.000 ; gain = 0.000
INFO: [Designutils 20-5440] No compile time benefit to using incremental synthesis; A full resynthesis will be run
INFO: [Designutils 20-4379] Flow is switching to default flow due to incremental criteria not met. If you would like to alter this behaviour and have the flow terminate instead, please set the following parameter config_implementation {autoIncr.Synth.RejectBehavior Terminate}
---------------------------------------------------------------------------------
Finished Constraint Validation : Time (s): cpu = 00:00:07 ; elapsed = 00:00:20 . Memory (MB): peak = 1555.000 ; gain = 657.262
---------------------------------------------------------------------------------
---------------------------------------------------------------------------------
Start Loading Part and Timing Information
---------------------------------------------------------------------------------
Loading part: xc7a15tftg256-1
---------------------------------------------------------------------------------
Finished Loading Part and Timing Information : Time (s): cpu = 00:00:07 ; elapsed = 00:00:20 . Memory (MB): peak = 1555.000 ; gain = 657.262
---------------------------------------------------------------------------------
---------------------------------------------------------------------------------
Start Applying 'set_property' XDC Constraints
---------------------------------------------------------------------------------
---------------------------------------------------------------------------------
Finished applying 'set_property' XDC Constraints : Time (s): cpu = 00:00:07 ; elapsed = 00:00:20 . Memory (MB): peak = 1555.000 ; gain = 657.262
---------------------------------------------------------------------------------
INFO: [Synth 8-802] inferred FSM for state register 'state_reg' in module 'counter'
---------------------------------------------------------------------------------------------------
                   State |                     New Encoding |                Previous Encoding 
---------------------------------------------------------------------------------------------------
                    IDLE |                            00001 |                              000
                     ONE |                            00010 |                              001
                     TWO |                            00100 |                              011
                   THREE |                            01000 |                              111
                    FOUR |                            10000 |                              110
---------------------------------------------------------------------------------------------------
INFO: [Synth 8-3354] encoded FSM with state register 'state_reg' using encoding 'one-hot' in module 'counter'
---------------------------------------------------------------------------------
Finished RTL Optimization Phase 2 : Time (s): cpu = 00:00:07 ; elapsed = 00:00:21 . Memory (MB): peak = 1555.000 ; gain = 657.262
---------------------------------------------------------------------------------
---------------------------------------------------------------------------------
Start RTL Component Statistics 
---------------------------------------------------------------------------------
Detailed RTL Component Info : 
+---Adders : 
	   2 Input   23 Bit       Adders := 1     
+---Registers : 
	               32 Bit    Registers := 1     
	                4 Bit    Registers := 6     
	                1 Bit    Registers := 2     
+---Muxes : 
	   2 Input   23 Bit        Muxes := 1     
	   5 Input    5 Bit        Muxes := 1     
	   5 Input    4 Bit        Muxes := 4     
	   5 Input    1 Bit        Muxes := 2     
---------------------------------------------------------------------------------
Finished RTL Component Statistics 
---------------------------------------------------------------------------------
---------------------------------------------------------------------------------
Start Part Resource Summary
---------------------------------------------------------------------------------
Part Resources:
DSPs: 45 (col length:60)
BRAMs: 50 (col length: RAMB18 60 RAMB36 30)
---------------------------------------------------------------------------------
Finished Part Resource Summary
---------------------------------------------------------------------------------
---------------------------------------------------------------------------------
Start Cross Boundary and Area Optimization
---------------------------------------------------------------------------------
WARNING: [Synth 8-7080] Parallel synthesis criteria is not met
WARNING: [Synth 8-3917] design breadboard_test has port led0_dp driven by constant 1
WARNING: [Synth 8-3917] design breadboard_test has port led1_dp driven by constant 1
WARNING: [Synth 8-3917] design breadboard_test has port led2_dp driven by constant 1
WARNING: [Synth 8-3917] design breadboard_test has port led3_dp driven by constant 1
WARNING: [Synth 8-7129] Port btn_test in module breadboard_test is either unconnected or has no load
---------------------------------------------------------------------------------
Finished Cross Boundary and Area Optimization : Time (s): cpu = 00:00:09 ; elapsed = 00:00:25 . Memory (MB): peak = 1555.000 ; gain = 657.262
---------------------------------------------------------------------------------
---------------------------------------------------------------------------------
Start Applying XDC Timing Constraints
---------------------------------------------------------------------------------
---------------------------------------------------------------------------------
Finished Applying XDC Timing Constraints : Time (s): cpu = 00:00:09 ; elapsed = 00:00:29 . Memory (MB): peak = 1555.000 ; gain = 657.262
---------------------------------------------------------------------------------
---------------------------------------------------------------------------------
Start Timing Optimization
---------------------------------------------------------------------------------
---------------------------------------------------------------------------------
Finished Timing Optimization : Time (s): cpu = 00:00:09 ; elapsed = 00:00:29 . Memory (MB): peak = 1555.000 ; gain = 657.262
---------------------------------------------------------------------------------
---------------------------------------------------------------------------------
Start Technology Mapping
---------------------------------------------------------------------------------
---------------------------------------------------------------------------------
Finished Technology Mapping : Time (s): cpu = 00:00:09 ; elapsed = 00:00:29 . Memory (MB): peak = 1555.000 ; gain = 657.262
---------------------------------------------------------------------------------
---------------------------------------------------------------------------------
Start IO Insertion
---------------------------------------------------------------------------------
---------------------------------------------------------------------------------
Start Flattening Before IO Insertion
---------------------------------------------------------------------------------
---------------------------------------------------------------------------------
Finished Flattening Before IO Insertion
---------------------------------------------------------------------------------
---------------------------------------------------------------------------------
Start Final Netlist Cleanup
---------------------------------------------------------------------------------
---------------------------------------------------------------------------------
Finished Final Netlist Cleanup
---------------------------------------------------------------------------------
---------------------------------------------------------------------------------
Finished IO Insertion : Time (s): cpu = 00:00:10 ; elapsed = 00:00:32 . Memory (MB): peak = 1555.000 ; gain = 657.262
---------------------------------------------------------------------------------
---------------------------------------------------------------------------------
Start Renaming Generated Instances
---------------------------------------------------------------------------------
---------------------------------------------------------------------------------
Finished Renaming Generated Instances : Time (s): cpu = 00:00:10 ; elapsed = 00:00:32 . Memory (MB): peak = 1555.000 ; gain = 657.262
---------------------------------------------------------------------------------
---------------------------------------------------------------------------------
Start Rebuilding User Hierarchy
---------------------------------------------------------------------------------
---------------------------------------------------------------------------------
Finished Rebuilding User Hierarchy : Time (s): cpu = 00:00:10 ; elapsed = 00:00:32 . Memory (MB): peak = 1555.000 ; gain = 657.262
---------------------------------------------------------------------------------
---------------------------------------------------------------------------------
Start Renaming Generated Ports
---------------------------------------------------------------------------------
---------------------------------------------------------------------------------
Finished Renaming Generated Ports : Time (s): cpu = 00:00:10 ; elapsed = 00:00:32 . Memory (MB): peak = 1555.000 ; gain = 657.262
---------------------------------------------------------------------------------
---------------------------------------------------------------------------------
Start Handling Custom Attributes
---------------------------------------------------------------------------------
---------------------------------------------------------------------------------
Finished Handling Custom Attributes : Time (s): cpu = 00:00:10 ; elapsed = 00:00:32 . Memory (MB): peak = 1555.000 ; gain = 657.262
---------------------------------------------------------------------------------
---------------------------------------------------------------------------------
Start Renaming Generated Nets
---------------------------------------------------------------------------------
---------------------------------------------------------------------------------
Finished Renaming Generated Nets : Time (s): cpu = 00:00:10 ; elapsed = 00:00:32 . Memory (MB): peak = 1555.000 ; gain = 657.262
---------------------------------------------------------------------------------
---------------------------------------------------------------------------------
Start Writing Synthesis Report
---------------------------------------------------------------------------------

Report BlackBoxes: 
+-+--------------+----------+
| |BlackBox name |Instances |
+-+--------------+----------+
+-+--------------+----------+

Report Cell Usage: 
+------+-------+------+
|      |Cell   |Count |
+------+-------+------+
|1     |BUFG   |     1|
|2     |CARRY4 |     6|
|3     |LUT1   |     1|
|4     |LUT2   |     4|
|5     |LUT3   |     4|
|6     |LUT4   |    33|
|7     |LUT5   |     2|
|8     |LUT6   |    27|
|9     |FDCE   |    37|
|10    |FDPE   |     1|
|11    |FDRE   |    16|
|12    |IBUF   |     6|
|13    |OBUF   |    44|
+------+-------+------+
---------------------------------------------------------------------------------
Finished Writing Synthesis Report : Time (s): cpu = 00:00:10 ; elapsed = 00:00:32 . Memory (MB): peak = 1555.000 ; gain = 657.262
---------------------------------------------------------------------------------
Synthesis finished with 0 errors, 0 critical warnings and 6 warnings.
Synthesis Optimization Runtime : Time (s): cpu = 00:00:07 ; elapsed = 00:00:30 . Memory (MB): peak = 1555.000 ; gain = 557.586
Synthesis Optimization Complete : Time (s): cpu = 00:00:10 ; elapsed = 00:00:32 . Memory (MB): peak = 1555.000 ; gain = 657.262
INFO: [Project 1-571] Translating synthesized netlist
Netlist sorting complete. Time (s): cpu = 00:00:00 ; elapsed = 00:00:00.001 . Memory (MB): peak = 1555.000 ; gain = 0.000
INFO: [Netlist 29-17] Analyzing 6 Unisim elements for replacement
INFO: [Netlist 29-28] Unisim Transformation completed in 0 CPU seconds
INFO: [Project 1-570] Preparing netlist for logic optimization
INFO: [Opt 31-138] Pushed 0 inverter(s) to 0 load pin(s).
Netlist sorting complete. Time (s): cpu = 00:00:00 ; elapsed = 00:00:00 . Memory (MB): peak = 1555.000 ; gain = 0.000
INFO: [Project 1-111] Unisim Transformation Summary:
No Unisim elements were transformed.

Synth Design complete | Checksum: 31630193
INFO: [Common 17-83] Releasing license: Synthesis
42 Infos, 72 Warnings, 54 Critical Warnings and 0 Errors encountered.
synth_design completed successfully
synth_design: Time (s): cpu = 00:00:12 ; elapsed = 00:00:37 . Memory (MB): peak = 1555.000 ; gain = 1058.707
INFO: [runtcl-6] Synthesis results are not added to the cache due to CRITICAL_WARNING
Write ShapeDB Complete: Time (s): cpu = 00:00:00 ; elapsed = 00:00:00.003 . Memory (MB): peak = 1555.000 ; gain = 0.000
INFO: [Common 17-1381] The checkpoint 'C:/Users/PeterHerrmann/Code/HSI/xem7001_template/xem7001_template.runs/synth_1/breadboard_test.dcp' has been generated.
INFO: [Vivado 12-24828] Executing command : report_utilization -file breadboard_test_utilization_synth.rpt -pb breadboard_test_utilization_synth.pb
INFO: [Common 17-206] Exiting Vivado at Sat Jun 22 09:30:45 2024...
